{"/home/travis/build/npmtest/node-npmtest-webpack-config-utils/test.js":{"path":"/home/travis/build/npmtest/node-npmtest-webpack-config-utils/test.js","s":{"1":2,"2":2,"3":2,"4":2,"5":2,"6":2,"7":2,"8":1,"9":2,"10":2,"11":1,"12":1,"13":1,"14":1,"15":2,"16":2,"17":2,"18":2,"19":1,"20":1,"21":2,"22":2,"23":2,"24":1,"25":1,"26":1,"27":1,"28":1,"29":1,"30":1,"31":1,"32":1,"33":1,"34":1,"35":1,"36":1,"37":1,"38":1,"39":2,"40":2,"41":1,"42":2,"43":2,"44":1,"45":2,"46":2,"47":1,"48":2,"49":2,"50":1,"51":1,"52":1,"53":1,"54":1},"b":{"1":[2,1,1,1],"2":[1,1,1,1],"3":[1,1],"4":[1,1],"5":[1,1],"6":[1,1],"7":[1,1],"8":[1,1],"9":[1,1],"10":[1,1,1],"11":[1,1],"12":[1,1],"13":[1,1],"14":[1,1],"15":[1,1],"16":[1,1],"17":[1,1]},"f":{"1":2,"2":2,"3":2,"4":2,"5":2,"6":1,"7":1,"8":1,"9":2,"10":2,"11":2,"12":2,"13":1},"fnMap":{"1":{"name":"(anonymous_1)","line":12,"loc":{"start":{"line":12,"column":1},"end":{"line":12,"column":13}}},"2":{"name":"(anonymous_2)","line":19,"loc":{"start":{"line":19,"column":5},"end":{"line":19,"column":17}}},"3":{"name":"(anonymous_3)","line":23,"loc":{"start":{"line":23,"column":24},"end":{"line":23,"column":36}}},"4":{"name":"(anonymous_4)","line":61,"loc":{"start":{"line":61,"column":5},"end":{"line":61,"column":17}}},"5":{"name":"(anonymous_5)","line":82,"loc":{"start":{"line":82,"column":5},"end":{"line":82,"column":17}}},"6":{"name":"(anonymous_6)","line":91,"loc":{"start":{"line":91,"column":77},"end":{"line":94,"column":10}}},"7":{"name":"(anonymous_7)","line":112,"loc":{"start":{"line":112,"column":83},"end":{"line":115,"column":10}},"skip":true},"8":{"name":"(anonymous_8)","line":123,"loc":{"start":{"line":123,"column":77},"end":{"line":126,"column":10}},"skip":true},"9":{"name":"(anonymous_9)","line":139,"loc":{"start":{"line":139,"column":12},"end":{"line":139,"column":40}},"skip":true},"10":{"name":"(anonymous_10)","line":147,"loc":{"start":{"line":147,"column":77},"end":{"line":150,"column":10}},"skip":true},"11":{"name":"(anonymous_11)","line":158,"loc":{"start":{"line":158,"column":83},"end":{"line":161,"column":10}},"skip":true},"12":{"name":"(anonymous_12)","line":169,"loc":{"start":{"line":169,"column":79},"end":{"line":172,"column":10}},"skip":true},"13":{"name":"(anonymous_13)","line":180,"loc":{"start":{"line":180,"column":75},"end":{"line":183,"column":10}},"skip":true}},"statementMap":{"1":{"start":{"line":12,"column":0},"end":{"line":195,"column":5}},"2":{"start":{"line":14,"column":4},"end":{"line":14,"column":14}},"3":{"start":{"line":19,"column":4},"end":{"line":56,"column":9}},"4":{"start":{"line":21,"column":8},"end":{"line":21,"column":19}},"5":{"start":{"line":23,"column":8},"end":{"line":35,"column":13}},"6":{"start":{"line":24,"column":12},"end":{"line":34,"column":13}},"7":{"start":{"line":25,"column":16},"end":{"line":28,"column":30}},"8":{"start":{"line":30,"column":16},"end":{"line":33,"column":27}},"9":{"start":{"line":37,"column":8},"end":{"line":39,"column":21}},"10":{"start":{"line":40,"column":8},"end":{"line":53,"column":9}},"11":{"start":{"line":43,"column":12},"end":{"line":46,"column":14}},"12":{"start":{"line":47,"column":12},"end":{"line":47,"column":18}},"13":{"start":{"line":50,"column":12},"end":{"line":51,"column":33}},"14":{"start":{"line":52,"column":12},"end":{"line":52,"column":18}},"15":{"start":{"line":55,"column":8},"end":{"line":55,"column":35}},"16":{"start":{"line":61,"column":4},"end":{"line":63,"column":9}},"17":{"start":{"line":62,"column":8},"end":{"line":62,"column":15}},"18":{"start":{"line":64,"column":4},"end":{"line":77,"column":5}},"19":{"start":{"line":70,"column":8},"end":{"line":70,"column":14}},"20":{"start":{"line":76,"column":8},"end":{"line":76,"column":14}},"21":{"start":{"line":82,"column":4},"end":{"line":84,"column":9}},"22":{"start":{"line":83,"column":8},"end":{"line":83,"column":15}},"23":{"start":{"line":85,"column":4},"end":{"line":194,"column":5}},"24":{"start":{"line":91,"column":8},"end":{"line":99,"column":10}},"25":{"start":{"line":98,"column":12},"end":{"line":98,"column":35}},"26":{"start":{"line":102,"column":8},"end":{"line":104,"column":63}},"27":{"start":{"line":105,"column":8},"end":{"line":105,"column":14}},"28":{"start":{"line":112,"column":8},"end":{"line":121,"column":10},"skip":true},"29":{"start":{"line":119,"column":12},"end":{"line":119,"column":55},"skip":true},"30":{"start":{"line":120,"column":12},"end":{"line":120,"column":48},"skip":true},"31":{"start":{"line":123,"column":8},"end":{"line":136,"column":10},"skip":true},"32":{"start":{"line":130,"column":12},"end":{"line":130,"column":76},"skip":true},"33":{"start":{"line":131,"column":12},"end":{"line":131,"column":73},"skip":true},"34":{"start":{"line":132,"column":12},"end":{"line":132,"column":74},"skip":true},"35":{"start":{"line":133,"column":12},"end":{"line":133,"column":79},"skip":true},"36":{"start":{"line":134,"column":12},"end":{"line":134,"column":25},"skip":true},"37":{"start":{"line":135,"column":12},"end":{"line":135,"column":45},"skip":true},"38":{"start":{"line":138,"column":8},"end":{"line":145,"column":14},"skip":true},"39":{"start":{"line":143,"column":16},"end":{"line":143,"column":29},"skip":true},"40":{"start":{"line":144,"column":16},"end":{"line":144,"column":55},"skip":true},"41":{"start":{"line":147,"column":8},"end":{"line":156,"column":10},"skip":true},"42":{"start":{"line":154,"column":12},"end":{"line":154,"column":25},"skip":true},"43":{"start":{"line":155,"column":12},"end":{"line":155,"column":45},"skip":true},"44":{"start":{"line":158,"column":8},"end":{"line":167,"column":10},"skip":true},"45":{"start":{"line":165,"column":12},"end":{"line":165,"column":25},"skip":true},"46":{"start":{"line":166,"column":12},"end":{"line":166,"column":48},"skip":true},"47":{"start":{"line":169,"column":8},"end":{"line":178,"column":10},"skip":true},"48":{"start":{"line":176,"column":12},"end":{"line":176,"column":25},"skip":true},"49":{"start":{"line":177,"column":12},"end":{"line":177,"column":46},"skip":true},"50":{"start":{"line":180,"column":8},"end":{"line":189,"column":10},"skip":true},"51":{"start":{"line":187,"column":12},"end":{"line":187,"column":94},"skip":true},"52":{"start":{"line":188,"column":12},"end":{"line":188,"column":48},"skip":true},"53":{"start":{"line":192,"column":8},"end":{"line":192,"column":35},"skip":true},"54":{"start":{"line":193,"column":8},"end":{"line":193,"column":14},"skip":true}},"branchMap":{"1":{"line":25,"type":"binary-expr","locations":[{"start":{"line":25,"column":23},"end":{"line":25,"column":62}},{"start":{"line":26,"column":20},"end":{"line":26,"column":70}},{"start":{"line":27,"column":20},"end":{"line":27,"column":71}},{"start":{"line":28,"column":20},"end":{"line":28,"column":29}}]},"2":{"line":30,"type":"binary-expr","locations":[{"start":{"line":30,"column":23},"end":{"line":30,"column":37}},{"start":{"line":31,"column":20},"end":{"line":31,"column":61}},{"start":{"line":32,"column":20},"end":{"line":32,"column":70}},{"start":{"line":33,"column":20},"end":{"line":33,"column":26}}]},"3":{"line":37,"type":"cond-expr","locations":[{"start":{"line":38,"column":14},"end":{"line":38,"column":20}},{"start":{"line":39,"column":14},"end":{"line":39,"column":20}}]},"4":{"line":40,"type":"switch","locations":[{"start":{"line":42,"column":8},"end":{"line":47,"column":18}},{"start":{"line":49,"column":8},"end":{"line":52,"column":18}}]},"5":{"line":44,"type":"binary-expr","locations":[{"start":{"line":44,"column":16},"end":{"line":44,"column":44}},{"start":{"line":44,"column":48},"end":{"line":44,"column":66}}]},"6":{"line":50,"type":"binary-expr","locations":[{"start":{"line":50,"column":21},"end":{"line":50,"column":49}},{"start":{"line":50,"column":53},"end":{"line":50,"column":72}}]},"7":{"line":64,"type":"switch","locations":[{"start":{"line":69,"column":4},"end":{"line":70,"column":14}},{"start":{"line":75,"column":4},"end":{"line":76,"column":14}}]},"8":{"line":85,"type":"switch","locations":[{"start":{"line":90,"column":4},"end":{"line":105,"column":14}},{"start":{"line":111,"column":4},"end":{"line":193,"column":14},"skip":true}]},"9":{"line":91,"type":"binary-expr","locations":[{"start":{"line":91,"column":42},"end":{"line":91,"column":73}},{"start":{"line":91,"column":77},"end":{"line":99,"column":9}}]},"10":{"line":102,"type":"binary-expr","locations":[{"start":{"line":102,"column":18},"end":{"line":102,"column":32}},{"start":{"line":103,"column":12},"end":{"line":103,"column":53}},{"start":{"line":104,"column":12},"end":{"line":104,"column":61}}]},"11":{"line":112,"type":"binary-expr","locations":[{"start":{"line":112,"column":45},"end":{"line":112,"column":79},"skip":true},{"start":{"line":112,"column":83},"end":{"line":121,"column":9},"skip":true}]},"12":{"line":123,"type":"binary-expr","locations":[{"start":{"line":123,"column":42},"end":{"line":123,"column":73},"skip":true},{"start":{"line":123,"column":77},"end":{"line":136,"column":9},"skip":true}]},"13":{"line":138,"type":"binary-expr","locations":[{"start":{"line":138,"column":48},"end":{"line":138,"column":85},"skip":true},{"start":{"line":139,"column":12},"end":{"line":145,"column":13},"skip":true}]},"14":{"line":147,"type":"binary-expr","locations":[{"start":{"line":147,"column":42},"end":{"line":147,"column":73},"skip":true},{"start":{"line":147,"column":77},"end":{"line":156,"column":9},"skip":true}]},"15":{"line":158,"type":"binary-expr","locations":[{"start":{"line":158,"column":45},"end":{"line":158,"column":79},"skip":true},{"start":{"line":158,"column":83},"end":{"line":167,"column":9},"skip":true}]},"16":{"line":169,"type":"binary-expr","locations":[{"start":{"line":169,"column":43},"end":{"line":169,"column":75},"skip":true},{"start":{"line":169,"column":79},"end":{"line":178,"column":9},"skip":true}]},"17":{"line":180,"type":"binary-expr","locations":[{"start":{"line":180,"column":41},"end":{"line":180,"column":71},"skip":true},{"start":{"line":180,"column":75},"end":{"line":189,"column":9},"skip":true}]}},"code":["/* istanbul instrument in package npmtest_webpack_config_utils */","/*jslint","    bitwise: true,","    browser: true,","    maxerr: 8,","    maxlen: 96,","    node: true,","    nomen: true,","    regexp: true,","    stupid: true","*/","(function () {","    'use strict';","    var local;","","","","    // run shared js-env code - init-before","    (function () {","        // init local","        local = {};","        // init modeJs","        local.modeJs = (function () {","            try {","                return typeof navigator.userAgent === 'string' &&","                    typeof document.querySelector('body') === 'object' &&","                    typeof XMLHttpRequest.prototype.open === 'function' &&","                    'browser';","            } catch (errorCaughtBrowser) {","                return module.exports &&","                    typeof process.versions.node === 'string' &&","                    typeof require('http').createServer === 'function' &&","                    'node';","            }","        }());","        // init global","        local.global = local.modeJs === 'browser'","            ? window","            : global;","        switch (local.modeJs) {","        // re-init local from window.local","        case 'browser':","            local = local.global.utility2.objectSetDefault(","                local.global.utility2_rollup || local.global.local,","                local.global.utility2","            );","            break;","        // re-init local from example.js","        case 'node':","            local = (local.global.utility2_rollup || require('utility2'))","                .requireReadme();","            break;","        }","        // export local","        local.global.local = local;","    }());","","","","    // run shared js-env code - function","    (function () {","        return;","    }());","    switch (local.modeJs) {","","","","    // run browser js-env code - function","    case 'browser':","        break;","","","","    // run node js-env code - function","    case 'node':","        break;","    }","","","","    // run shared js-env code - init-after","    (function () {","        return;","    }());","    switch (local.modeJs) {","","","","    // run browser js-env code - init-after","    case 'browser':","        local.testCase_browser_nullCase = local.testCase_browser_nullCase || function (","            options,","            onError","        ) {","        /*","         * this function will test browsers's null-case handling-behavior-behavior","         */","            onError(null, options);","        };","","        // run tests","        local.nop(local.modeTest &&","            document.querySelector('#testRunButton1') &&","            document.querySelector('#testRunButton1').click());","        break;","","","","    // run node js-env code - init-after","    /* istanbul ignore next */","    case 'node':","        local.testCase_buildApidoc_default = local.testCase_buildApidoc_default || function (","            options,","            onError","        ) {","        /*","         * this function will test buildApidoc's default handling-behavior-behavior","         */","            options = { modulePathList: module.paths };","            local.buildApidoc(options, onError);","        };","","        local.testCase_buildApp_default = local.testCase_buildApp_default || function (","            options,","            onError","        ) {","        /*","         * this function will test buildApp's default handling-behavior-behavior","         */","            local.testCase_buildReadme_default(options, local.onErrorThrow);","            local.testCase_buildLib_default(options, local.onErrorThrow);","            local.testCase_buildTest_default(options, local.onErrorThrow);","            local.testCase_buildCustomOrg_default(options, local.onErrorThrow);","            options = [];","            local.buildApp(options, onError);","        };","","        local.testCase_buildCustomOrg_default = local.testCase_buildCustomOrg_default ||","            function (options, onError) {","            /*","             * this function will test buildCustomOrg's default handling-behavior","             */","                options = {};","                local.buildCustomOrg(options, onError);","            };","","        local.testCase_buildLib_default = local.testCase_buildLib_default || function (","            options,","            onError","        ) {","        /*","         * this function will test buildLib's default handling-behavior","         */","            options = {};","            local.buildLib(options, onError);","        };","","        local.testCase_buildReadme_default = local.testCase_buildReadme_default || function (","            options,","            onError","        ) {","        /*","         * this function will test buildReadme's default handling-behavior-behavior","         */","            options = {};","            local.buildReadme(options, onError);","        };","","        local.testCase_buildTest_default = local.testCase_buildTest_default || function (","            options,","            onError","        ) {","        /*","         * this function will test buildTest's default handling-behavior","         */","            options = {};","            local.buildTest(options, onError);","        };","","        local.testCase_webpage_default = local.testCase_webpage_default || function (","            options,","            onError","        ) {","        /*","         * this function will test webpage's default handling-behavior","         */","            options = { modeCoverageMerge: true, url: local.serverLocalHost + '?modeTest=1' };","            local.browserTest(options, onError);","        };","","        // run test-server","        local.testRunServer(local);","        break;","    }","}());",""],"l":{"12":2,"14":2,"19":2,"21":2,"23":2,"24":2,"25":2,"30":1,"37":2,"40":2,"43":1,"47":1,"50":1,"52":1,"55":2,"61":2,"62":2,"64":2,"70":1,"76":1,"82":2,"83":2,"85":2,"91":1,"98":1,"102":1,"105":1,"112":1,"119":1,"120":1,"123":1,"130":1,"131":1,"132":1,"133":1,"134":1,"135":1,"138":1,"143":2,"144":2,"147":1,"154":2,"155":2,"158":1,"165":2,"166":2,"169":1,"176":2,"177":2,"180":1,"187":1,"188":1,"192":1,"193":1}},"/home/travis/build/npmtest/node-npmtest-webpack-config-utils/lib.npmtest_webpack_config_utils.js":{"path":"/home/travis/build/npmtest/node-npmtest-webpack-config-utils/lib.npmtest_webpack_config_utils.js","s":{"1":2,"2":2,"3":2,"4":2,"5":2,"6":2,"7":2,"8":1,"9":2,"10":2,"11":2,"12":2,"13":1,"14":1,"15":1,"16":1},"b":{"1":[2,1,1,1],"2":[1,1,1,1],"3":[1,1],"4":[2,2],"5":[1,1]},"f":{"1":2,"2":2,"3":2},"fnMap":{"1":{"name":"(anonymous_1)","line":12,"loc":{"start":{"line":12,"column":1},"end":{"line":12,"column":13}}},"2":{"name":"(anonymous_2)","line":19,"loc":{"start":{"line":19,"column":5},"end":{"line":19,"column":17}}},"3":{"name":"(anonymous_3)","line":23,"loc":{"start":{"line":23,"column":24},"end":{"line":23,"column":36}}}},"statementMap":{"1":{"start":{"line":12,"column":0},"end":{"line":53,"column":5}},"2":{"start":{"line":14,"column":4},"end":{"line":14,"column":14}},"3":{"start":{"line":19,"column":4},"end":{"line":52,"column":9}},"4":{"start":{"line":21,"column":8},"end":{"line":21,"column":19}},"5":{"start":{"line":23,"column":8},"end":{"line":35,"column":13}},"6":{"start":{"line":24,"column":12},"end":{"line":34,"column":13}},"7":{"start":{"line":25,"column":16},"end":{"line":28,"column":30}},"8":{"start":{"line":30,"column":16},"end":{"line":33,"column":27}},"9":{"start":{"line":37,"column":8},"end":{"line":39,"column":21}},"10":{"start":{"line":41,"column":8},"end":{"line":41,"column":54}},"11":{"start":{"line":43,"column":8},"end":{"line":43,"column":65}},"12":{"start":{"line":45,"column":8},"end":{"line":51,"column":9}},"13":{"start":{"line":46,"column":12},"end":{"line":46,"column":71}},"14":{"start":{"line":48,"column":12},"end":{"line":48,"column":35}},"15":{"start":{"line":49,"column":12},"end":{"line":49,"column":49}},"16":{"start":{"line":50,"column":12},"end":{"line":50,"column":43}}},"branchMap":{"1":{"line":25,"type":"binary-expr","locations":[{"start":{"line":25,"column":23},"end":{"line":25,"column":62}},{"start":{"line":26,"column":20},"end":{"line":26,"column":70}},{"start":{"line":27,"column":20},"end":{"line":27,"column":71}},{"start":{"line":28,"column":20},"end":{"line":28,"column":29}}]},"2":{"line":30,"type":"binary-expr","locations":[{"start":{"line":30,"column":23},"end":{"line":30,"column":37}},{"start":{"line":31,"column":20},"end":{"line":31,"column":61}},{"start":{"line":32,"column":20},"end":{"line":32,"column":70}},{"start":{"line":33,"column":20},"end":{"line":33,"column":26}}]},"3":{"line":37,"type":"cond-expr","locations":[{"start":{"line":38,"column":14},"end":{"line":38,"column":20}},{"start":{"line":39,"column":14},"end":{"line":39,"column":20}}]},"4":{"line":41,"type":"binary-expr","locations":[{"start":{"line":41,"column":16},"end":{"line":41,"column":44}},{"start":{"line":41,"column":48},"end":{"line":41,"column":53}}]},"5":{"line":45,"type":"if","locations":[{"start":{"line":45,"column":8},"end":{"line":45,"column":8}},{"start":{"line":45,"column":8},"end":{"line":45,"column":8}}]}},"code":["/* istanbul instrument in package npmtest_webpack_config_utils */","/*jslint","    bitwise: true,","    browser: true,","    maxerr: 8,","    maxlen: 96,","    node: true,","    nomen: true,","    regexp: true,","    stupid: true","*/","(function () {","    'use strict';","    var local;","","","","    // run shared js-env code - init-before","    (function () {","        // init local","        local = {};","        // init modeJs","        local.modeJs = (function () {","            try {","                return typeof navigator.userAgent === 'string' &&","                    typeof document.querySelector('body') === 'object' &&","                    typeof XMLHttpRequest.prototype.open === 'function' &&","                    'browser';","            } catch (errorCaughtBrowser) {","                return module.exports &&","                    typeof process.versions.node === 'string' &&","                    typeof require('http').createServer === 'function' &&","                    'node';","            }","        }());","        // init global","        local.global = local.modeJs === 'browser'","            ? window","            : global;","        // init utility2_rollup","        local = local.global.utility2_rollup || local;","        // init lib","        local.local = local.npmtest_webpack_config_utils = local;","        // init exports","        if (local.modeJs === 'browser') {","            local.global.utility2_npmtest_webpack_config_utils = local;","        } else {","            module.exports = local;","            module.exports.__dirname = __dirname;","            module.exports.module = module;","        }","    }());","}());",""],"l":{"12":2,"14":2,"19":2,"21":2,"23":2,"24":2,"25":2,"30":1,"37":2,"41":2,"43":2,"45":2,"46":1,"48":1,"49":1,"50":1}},"/home/travis/build/npmtest/node-npmtest-webpack-config-utils/example.js":{"path":"/home/travis/build/npmtest/node-npmtest-webpack-config-utils/example.js","s":{"1":2,"2":2,"3":2,"4":2,"5":2,"6":2,"7":2,"8":1,"9":2,"10":2,"11":2,"12":2,"13":1,"14":2,"15":2,"16":2,"17":2,"18":2,"19":0,"20":2,"21":1,"22":1,"23":1,"24":1,"25":1,"26":0,"27":0,"28":1,"29":1,"30":2,"31":0,"32":0,"33":0,"34":1,"35":2,"36":2,"37":3,"38":3,"39":3,"40":3,"41":0,"42":3,"43":3,"44":3,"45":1,"46":3,"47":1,"48":1,"49":1,"50":1,"51":1,"52":1,"53":1,"54":1,"55":1,"56":1,"57":0,"58":1,"59":6,"60":6,"61":1,"62":2,"63":0,"64":2,"65":1,"66":1,"67":0,"68":0,"69":0,"70":0,"71":0,"72":0,"73":0,"74":0,"75":0,"76":0,"77":0,"78":0,"79":0,"80":0,"81":0,"82":0,"83":0},"b":{"1":[2,1,1,1],"2":[1,1,1,1],"3":[1,1],"4":[2,2],"5":[1,1],"6":[1,1],"7":[2,0],"8":[2,1,1,1,1,1],"9":[0,2,0],"10":[1,1],"11":[2,1,1],"12":[1,0],"13":[0,2],"14":[2,0,0,0,0,0,0],"15":[0,3],"16":[3,0],"17":[1,1],"18":[0,1],"19":[1,2,0,2],"20":[1,0],"21":[1,1],"22":[0,0],"23":[0,0],"24":[0,0],"25":[0,0],"26":[0,0],"27":[0,0],"28":[0,0]},"f":{"1":2,"2":2,"3":2,"4":2,"5":2,"6":2,"7":3,"8":3,"9":3,"10":1,"11":6,"12":0},"fnMap":{"1":{"name":"(anonymous_1)","line":26,"loc":{"start":{"line":26,"column":1},"end":{"line":26,"column":13}}},"2":{"name":"(anonymous_2)","line":33,"loc":{"start":{"line":33,"column":5},"end":{"line":33,"column":17}}},"3":{"name":"(anonymous_3)","line":37,"loc":{"start":{"line":37,"column":24},"end":{"line":37,"column":36}}},"4":{"name":"(anonymous_4)","line":69,"loc":{"start":{"line":69,"column":31},"end":{"line":69,"column":48}},"skip":true},"5":{"name":"(anonymous_5)","line":78,"loc":{"start":{"line":78,"column":26},"end":{"line":78,"column":45}},"skip":true},"6":{"name":"(anonymous_6)","line":123,"loc":{"start":{"line":123,"column":33},"end":{"line":123,"column":48}},"skip":true},"7":{"name":"(anonymous_7)","line":125,"loc":{"start":{"line":125,"column":27},"end":{"line":125,"column":39}},"skip":true},"8":{"name":"(anonymous_8)","line":133,"loc":{"start":{"line":133,"column":59},"end":{"line":133,"column":74}},"skip":true},"9":{"name":"(anonymous_9)","line":143,"loc":{"start":{"line":143,"column":45},"end":{"line":143,"column":62}},"skip":true},"10":{"name":"(anonymous_10)","line":144,"loc":{"start":{"line":144,"column":73},"end":{"line":144,"column":92}},"skip":true},"11":{"name":"(anonymous_11)","line":272,"loc":{"start":{"line":272,"column":51},"end":{"line":272,"column":77}},"skip":true},"12":{"name":"(anonymous_12)","line":315,"loc":{"start":{"line":315,"column":32},"end":{"line":315,"column":61}},"skip":true}},"statementMap":{"1":{"start":{"line":26,"column":0},"end":{"line":326,"column":5}},"2":{"start":{"line":28,"column":4},"end":{"line":28,"column":14}},"3":{"start":{"line":33,"column":4},"end":{"line":60,"column":9}},"4":{"start":{"line":35,"column":8},"end":{"line":35,"column":19}},"5":{"start":{"line":37,"column":8},"end":{"line":49,"column":13}},"6":{"start":{"line":38,"column":12},"end":{"line":48,"column":13}},"7":{"start":{"line":39,"column":16},"end":{"line":42,"column":30}},"8":{"start":{"line":44,"column":16},"end":{"line":47,"column":27}},"9":{"start":{"line":51,"column":8},"end":{"line":53,"column":21}},"10":{"start":{"line":55,"column":8},"end":{"line":57,"column":45}},"11":{"start":{"line":59,"column":8},"end":{"line":59,"column":35}},"12":{"start":{"line":61,"column":4},"end":{"line":325,"column":5}},"13":{"start":{"line":69,"column":8},"end":{"line":121,"column":10},"skip":true},"14":{"start":{"line":70,"column":12},"end":{"line":88,"column":13},"skip":true},"15":{"start":{"line":76,"column":16},"end":{"line":87,"column":19},"skip":true},"16":{"start":{"line":79,"column":20},"end":{"line":86,"column":21},"skip":true},"17":{"start":{"line":82,"column":24},"end":{"line":82,"column":43},"skip":true},"18":{"start":{"line":83,"column":24},"end":{"line":83,"column":30},"skip":true},"19":{"start":{"line":85,"column":24},"end":{"line":85,"column":49},"skip":true},"20":{"start":{"line":89,"column":12},"end":{"line":107,"column":13},"skip":true},"21":{"start":{"line":92,"column":16},"end":{"line":102,"column":17},"skip":true},"22":{"start":{"line":93,"column":20},"end":{"line":93,"column":86},"skip":true},"23":{"start":{"line":94,"column":20},"end":{"line":95,"column":45},"skip":true},"24":{"start":{"line":96,"column":20},"end":{"line":96,"column":42},"skip":true},"25":{"start":{"line":97,"column":20},"end":{"line":97,"column":48},"skip":true},"26":{"start":{"line":100,"column":20},"end":{"line":100,"column":85},"skip":true},"27":{"start":{"line":101,"column":20},"end":{"line":101,"column":96},"skip":true},"28":{"start":{"line":103,"column":16},"end":{"line":103,"column":22},"skip":true},"29":{"start":{"line":106,"column":16},"end":{"line":106,"column":22},"skip":true},"30":{"start":{"line":108,"column":12},"end":{"line":120,"column":13},"skip":true},"31":{"start":{"line":114,"column":16},"end":{"line":119,"column":17},"skip":true},"32":{"start":{"line":116,"column":20},"end":{"line":116,"column":78},"skip":true},"33":{"start":{"line":118,"column":20},"end":{"line":118,"column":47},"skip":true},"34":{"start":{"line":123,"column":8},"end":{"line":141,"column":11},"skip":true},"35":{"start":{"line":124,"column":12},"end":{"line":124,"column":54},"skip":true},"36":{"start":{"line":125,"column":12},"end":{"line":140,"column":14},"skip":true},"37":{"start":{"line":126,"column":16},"end":{"line":126,"column":28},"skip":true},"38":{"start":{"line":127,"column":16},"end":{"line":127,"column":69},"skip":true},"39":{"start":{"line":128,"column":16},"end":{"line":128,"column":75},"skip":true},"40":{"start":{"line":129,"column":16},"end":{"line":131,"column":17},"skip":true},"41":{"start":{"line":130,"column":20},"end":{"line":130,"column":27},"skip":true},"42":{"start":{"line":133,"column":16},"end":{"line":137,"column":36},"skip":true},"43":{"start":{"line":134,"column":20},"end":{"line":136,"column":55},"skip":true},"44":{"start":{"line":139,"column":16},"end":{"line":139,"column":57},"skip":true},"45":{"start":{"line":143,"column":8},"end":{"line":147,"column":11},"skip":true},"46":{"start":{"line":144,"column":12},"end":{"line":146,"column":15},"skip":true},"47":{"start":{"line":145,"column":16},"end":{"line":145,"column":70},"skip":true},"48":{"start":{"line":149,"column":8},"end":{"line":149,"column":31},"skip":true},"49":{"start":{"line":150,"column":8},"end":{"line":150,"column":14},"skip":true},"50":{"start":{"line":158,"column":8},"end":{"line":158,"column":31},"skip":true},"51":{"start":{"line":160,"column":8},"end":{"line":160,"column":33},"skip":true},"52":{"start":{"line":161,"column":8},"end":{"line":161,"column":37},"skip":true},"53":{"start":{"line":162,"column":8},"end":{"line":162,"column":35},"skip":true},"54":{"start":{"line":164,"column":8},"end":{"line":164,"column":50},"skip":true},"55":{"start":{"line":166,"column":8},"end":{"line":256,"column":2},"skip":true},"56":{"start":{"line":258,"column":8},"end":{"line":286,"column":9},"skip":true},"57":{"start":{"line":259,"column":12},"end":{"line":269,"column":14},"skip":true},"58":{"start":{"line":271,"column":12},"end":{"line":285,"column":19},"skip":true},"59":{"start":{"line":274,"column":20},"end":{"line":274,"column":35},"skip":true},"60":{"start":{"line":275,"column":20},"end":{"line":284,"column":21},"skip":true},"61":{"start":{"line":277,"column":24},"end":{"line":277,"column":64},"skip":true},"62":{"start":{"line":279,"column":24},"end":{"line":279,"column":40},"skip":true},"63":{"start":{"line":281,"column":24},"end":{"line":281,"column":40},"skip":true},"64":{"start":{"line":283,"column":24},"end":{"line":283,"column":39},"skip":true},"65":{"start":{"line":288,"column":8},"end":{"line":290,"column":9},"skip":true},"66":{"start":{"line":289,"column":12},"end":{"line":289,"column":18},"skip":true},"67":{"start":{"line":291,"column":8},"end":{"line":293,"column":54},"skip":true},"68":{"start":{"line":296,"column":8},"end":{"line":301,"column":37},"skip":true},"69":{"start":{"line":303,"column":8},"end":{"line":303,"column":82},"skip":true},"70":{"start":{"line":306,"column":8},"end":{"line":308,"column":9},"skip":true},"71":{"start":{"line":307,"column":12},"end":{"line":307,"column":82},"skip":true},"72":{"start":{"line":310,"column":8},"end":{"line":312,"column":9},"skip":true},"73":{"start":{"line":311,"column":12},"end":{"line":311,"column":18},"skip":true},"74":{"start":{"line":313,"column":8},"end":{"line":313,"column":54},"skip":true},"75":{"start":{"line":314,"column":8},"end":{"line":314,"column":69},"skip":true},"76":{"start":{"line":315,"column":8},"end":{"line":323,"column":36},"skip":true},"77":{"start":{"line":316,"column":12},"end":{"line":316,"column":61},"skip":true},"78":{"start":{"line":317,"column":12},"end":{"line":320,"column":13},"skip":true},"79":{"start":{"line":318,"column":16},"end":{"line":318,"column":75},"skip":true},"80":{"start":{"line":319,"column":16},"end":{"line":319,"column":23},"skip":true},"81":{"start":{"line":321,"column":12},"end":{"line":321,"column":38},"skip":true},"82":{"start":{"line":322,"column":12},"end":{"line":322,"column":27},"skip":true},"83":{"start":{"line":324,"column":8},"end":{"line":324,"column":14},"skip":true}},"branchMap":{"1":{"line":39,"type":"binary-expr","locations":[{"start":{"line":39,"column":23},"end":{"line":39,"column":62}},{"start":{"line":40,"column":20},"end":{"line":40,"column":70}},{"start":{"line":41,"column":20},"end":{"line":41,"column":71}},{"start":{"line":42,"column":20},"end":{"line":42,"column":29}}]},"2":{"line":44,"type":"binary-expr","locations":[{"start":{"line":44,"column":23},"end":{"line":44,"column":37}},{"start":{"line":45,"column":20},"end":{"line":45,"column":61}},{"start":{"line":46,"column":20},"end":{"line":46,"column":70}},{"start":{"line":47,"column":20},"end":{"line":47,"column":26}}]},"3":{"line":51,"type":"cond-expr","locations":[{"start":{"line":52,"column":14},"end":{"line":52,"column":20}},{"start":{"line":53,"column":14},"end":{"line":53,"column":20}}]},"4":{"line":55,"type":"binary-expr","locations":[{"start":{"line":55,"column":16},"end":{"line":55,"column":44}},{"start":{"line":55,"column":49},"end":{"line":57,"column":43}}]},"5":{"line":55,"type":"cond-expr","locations":[{"start":{"line":56,"column":14},"end":{"line":56,"column":64}},{"start":{"line":57,"column":14},"end":{"line":57,"column":43}}]},"6":{"line":61,"type":"switch","locations":[{"start":{"line":68,"column":4},"end":{"line":150,"column":14},"skip":true},{"start":{"line":156,"column":4},"end":{"line":324,"column":14},"skip":true}]},"7":{"line":70,"type":"if","locations":[{"start":{"line":70,"column":12},"end":{"line":70,"column":12},"skip":true},{"start":{"line":70,"column":12},"end":{"line":70,"column":12},"skip":true}]},"8":{"line":70,"type":"binary-expr","locations":[{"start":{"line":70,"column":16},"end":{"line":70,"column":22},"skip":true},{"start":{"line":70,"column":27},"end":{"line":70,"column":32},"skip":true},{"start":{"line":71,"column":20},"end":{"line":71,"column":39},"skip":true},{"start":{"line":72,"column":20},"end":{"line":72,"column":49},"skip":true},{"start":{"line":73,"column":20},"end":{"line":73,"column":58},"skip":true},{"start":{"line":74,"column":20},"end":{"line":74,"column":69},"skip":true}]},"9":{"line":79,"type":"switch","locations":[{"start":{"line":80,"column":20},"end":{"line":80,"column":33},"skip":true},{"start":{"line":81,"column":20},"end":{"line":83,"column":30},"skip":true},{"start":{"line":84,"column":20},"end":{"line":85,"column":49},"skip":true}]},"10":{"line":89,"type":"switch","locations":[{"start":{"line":90,"column":12},"end":{"line":103,"column":22},"skip":true},{"start":{"line":105,"column":12},"end":{"line":106,"column":22},"skip":true}]},"11":{"line":89,"type":"binary-expr","locations":[{"start":{"line":89,"column":20},"end":{"line":89,"column":25},"skip":true},{"start":{"line":89,"column":29},"end":{"line":89,"column":48},"skip":true},{"start":{"line":89,"column":52},"end":{"line":89,"column":74},"skip":true}]},"12":{"line":92,"type":"if","locations":[{"start":{"line":92,"column":16},"end":{"line":92,"column":16},"skip":true},{"start":{"line":92,"column":16},"end":{"line":92,"column":16},"skip":true}]},"13":{"line":108,"type":"if","locations":[{"start":{"line":108,"column":12},"end":{"line":108,"column":12},"skip":true},{"start":{"line":108,"column":12},"end":{"line":108,"column":12},"skip":true}]},"14":{"line":108,"type":"binary-expr","locations":[{"start":{"line":108,"column":16},"end":{"line":108,"column":61},"skip":true},{"start":{"line":108,"column":66},"end":{"line":108,"column":72},"skip":true},{"start":{"line":108,"column":77},"end":{"line":108,"column":82},"skip":true},{"start":{"line":109,"column":20},"end":{"line":109,"column":39},"skip":true},{"start":{"line":110,"column":20},"end":{"line":110,"column":49},"skip":true},{"start":{"line":111,"column":20},"end":{"line":111,"column":58},"skip":true},{"start":{"line":112,"column":20},"end":{"line":112,"column":68},"skip":true}]},"15":{"line":129,"type":"if","locations":[{"start":{"line":129,"column":16},"end":{"line":129,"column":16},"skip":true},{"start":{"line":129,"column":16},"end":{"line":129,"column":16},"skip":true}]},"16":{"line":134,"type":"cond-expr","locations":[{"start":{"line":135,"column":26},"end":{"line":135,"column":29},"skip":true},{"start":{"line":136,"column":26},"end":{"line":136,"column":54},"skip":true}]},"17":{"line":164,"type":"binary-expr","locations":[{"start":{"line":164,"column":27},"end":{"line":164,"column":43},"skip":true},{"start":{"line":164,"column":47},"end":{"line":164,"column":49},"skip":true}]},"18":{"line":258,"type":"if","locations":[{"start":{"line":258,"column":8},"end":{"line":258,"column":8},"skip":true},{"start":{"line":258,"column":8},"end":{"line":258,"column":8},"skip":true}]},"19":{"line":275,"type":"switch","locations":[{"start":{"line":276,"column":20},"end":{"line":277,"column":64},"skip":true},{"start":{"line":278,"column":20},"end":{"line":279,"column":40},"skip":true},{"start":{"line":280,"column":20},"end":{"line":281,"column":40},"skip":true},{"start":{"line":282,"column":20},"end":{"line":283,"column":39},"skip":true}]},"20":{"line":288,"type":"if","locations":[{"start":{"line":288,"column":8},"end":{"line":288,"column":8},"skip":true},{"start":{"line":288,"column":8},"end":{"line":288,"column":8},"skip":true}]},"21":{"line":288,"type":"binary-expr","locations":[{"start":{"line":288,"column":12},"end":{"line":288,"column":40},"skip":true},{"start":{"line":288,"column":44},"end":{"line":288,"column":67},"skip":true}]},"22":{"line":292,"type":"binary-expr","locations":[{"start":{"line":292,"column":12},"end":{"line":292,"column":50},"skip":true},{"start":{"line":293,"column":12},"end":{"line":293,"column":53},"skip":true}]},"23":{"line":297,"type":"binary-expr","locations":[{"start":{"line":297,"column":12},"end":{"line":297,"column":78},"skip":true},{"start":{"line":298,"column":12},"end":{"line":301,"column":36},"skip":true}]},"24":{"line":303,"type":"binary-expr","locations":[{"start":{"line":303,"column":43},"end":{"line":303,"column":75},"skip":true},{"start":{"line":303,"column":79},"end":{"line":303,"column":81},"skip":true}]},"25":{"line":306,"type":"if","locations":[{"start":{"line":306,"column":8},"end":{"line":306,"column":8},"skip":true},{"start":{"line":306,"column":8},"end":{"line":306,"column":8},"skip":true}]},"26":{"line":310,"type":"if","locations":[{"start":{"line":310,"column":8},"end":{"line":310,"column":8},"skip":true},{"start":{"line":310,"column":8},"end":{"line":310,"column":8},"skip":true}]},"27":{"line":313,"type":"binary-expr","locations":[{"start":{"line":313,"column":27},"end":{"line":313,"column":43},"skip":true},{"start":{"line":313,"column":47},"end":{"line":313,"column":53},"skip":true}]},"28":{"line":317,"type":"if","locations":[{"start":{"line":317,"column":12},"end":{"line":317,"column":12},"skip":true},{"start":{"line":317,"column":12},"end":{"line":317,"column":12},"skip":true}]}},"code":["/*","example.js","","quickstart example","","instruction","    1. save this script as example.js","    2. run the shell command:","        $ npm install npmtest-webpack-config-utils && PORT=8081 node example.js","    3. play with the browser-demo on http://127.0.0.1:8081","*/","","","","/* istanbul instrument in package npmtest_webpack_config_utils */","/*jslint","    bitwise: true,","    browser: true,","    maxerr: 8,","    maxlen: 96,","    node: true,","    nomen: true,","    regexp: true,","    stupid: true","*/","(function () {","    'use strict';","    var local;","","","","    // run shared js-env code - init-before","    (function () {","        // init local","        local = {};","        // init modeJs","        local.modeJs = (function () {","            try {","                return typeof navigator.userAgent === 'string' &&","                    typeof document.querySelector('body') === 'object' &&","                    typeof XMLHttpRequest.prototype.open === 'function' &&","                    'browser';","            } catch (errorCaughtBrowser) {","                return module.exports &&","                    typeof process.versions.node === 'string' &&","                    typeof require('http').createServer === 'function' &&","                    'node';","            }","        }());","        // init global","        local.global = local.modeJs === 'browser'","            ? window","            : global;","        // init utility2_rollup","        local = local.global.utility2_rollup || (local.modeJs === 'browser'","            ? local.global.utility2_npmtest_webpack_config_utils","            : global.utility2_moduleExports);","        // export local","        local.global.local = local;","    }());","    switch (local.modeJs) {","","","","    // init-after","    // run browser js-env code - init-after","    /* istanbul ignore next */","    case 'browser':","        local.testRunBrowser = function (event) {","            if (!event || (event &&","                    event.currentTarget &&","                    event.currentTarget.className &&","                    event.currentTarget.className.includes &&","                    event.currentTarget.className.includes('onreset'))) {","                // reset output","                Array.from(","                    document.querySelectorAll('body > .resettable')","                ).forEach(function (element) {","                    switch (element.tagName) {","                    case 'INPUT':","                    case 'TEXTAREA':","                        element.value = '';","                        break;","                    default:","                        element.textContent = '';","                    }","                });","            }","            switch (event && event.currentTarget && event.currentTarget.id) {","            case 'testRunButton1':","                // show tests","                if (document.querySelector('#testReportDiv1').style.display === 'none') {","                    document.querySelector('#testReportDiv1').style.display = 'block';","                    document.querySelector('#testRunButton1').textContent =","                        'hide internal test';","                    local.modeTest = true;","                    local.testRunDefault(local);","                // hide tests","                } else {","                    document.querySelector('#testReportDiv1').style.display = 'none';","                    document.querySelector('#testRunButton1').textContent = 'run internal test';","                }","                break;","            // custom-case","            default:","                break;","            }","            if (document.querySelector('#inputTextareaEval1') && (!event || (event &&","                    event.currentTarget &&","                    event.currentTarget.className &&","                    event.currentTarget.className.includes &&","                    event.currentTarget.className.includes('oneval')))) {","                // try to eval input-code","                try {","                    /*jslint evil: true*/","                    eval(document.querySelector('#inputTextareaEval1').value);","                } catch (errorCaught) {","                    console.error(errorCaught);","                }","            }","        };","        // log stderr and stdout to #outputTextareaStdout1","        ['error', 'log'].forEach(function (key) {","            console[key + '_original'] = console[key];","            console[key] = function () {","                var element;","                console[key + '_original'].apply(console, arguments);","                element = document.querySelector('#outputTextareaStdout1');","                if (!element) {","                    return;","                }","                // append text to #outputTextareaStdout1","                element.value += Array.from(arguments).map(function (arg) {","                    return typeof arg === 'string'","                        ? arg","                        : JSON.stringify(arg, null, 4);","                }).join(' ') + '\\n';","                // scroll textarea to bottom","                element.scrollTop = element.scrollHeight;","            };","        });","        // init event-handling","        ['change', 'click', 'keyup'].forEach(function (event) {","            Array.from(document.querySelectorAll('.on' + event)).forEach(function (element) {","                element.addEventListener(event, local.testRunBrowser);","            });","        });","        // run tests","        local.testRunBrowser();","        break;","","","","    // run node js-env code - init-after","    /* istanbul ignore next */","    case 'node':","        // export local","        module.exports = local;","        // require modules","        local.fs = require('fs');","        local.http = require('http');","        local.url = require('url');","        // init assets","        local.assetsDict = local.assetsDict || {};","        /* jslint-ignore-begin */","        local.assetsDict['/assets.index.template.html'] = '\\","<!doctype html>\\n\\","<html lang=\"en\">\\n\\","<head>\\n\\","<meta charset=\"UTF-8\">\\n\\","<meta name=\"viewport\" content=\"width=device-width, initial-scale=1\">\\n\\","<title>{{env.npm_package_name}} (v{{env.npm_package_version}})</title>\\n\\","<style>\\n\\","/*csslint\\n\\","    box-sizing: false,\\n\\","    universal-selector: false\\n\\","*/\\n\\","* {\\n\\","    box-sizing: border-box;\\n\\","}\\n\\","body {\\n\\","    background: #dde;\\n\\","    font-family: Arial, Helvetica, sans-serif;\\n\\","    margin: 2rem;\\n\\","}\\n\\","body > * {\\n\\","    margin-bottom: 1rem;\\n\\","}\\n\\",".utility2FooterDiv {\\n\\","    margin-top: 20px;\\n\\","    text-align: center;\\n\\","}\\n\\","</style>\\n\\","<style>\\n\\","/*csslint\\n\\","*/\\n\\","textarea {\\n\\","    font-family: monospace;\\n\\","    height: 10rem;\\n\\","    width: 100%;\\n\\","}\\n\\","textarea[readonly] {\\n\\","    background: #ddd;\\n\\","}\\n\\","</style>\\n\\","</head>\\n\\","<body>\\n\\","<!-- utility2-comment\\n\\","<div id=\"ajaxProgressDiv1\" style=\"background: #d00; height: 2px; left: 0; margin: 0; padding: 0; position: fixed; top: 0; transition: background 0.5s, width 1.5s; width: 25%;\"></div>\\n\\","utility2-comment -->\\n\\","<h1>\\n\\","<!-- utility2-comment\\n\\","    <a\\n\\","        {{#if env.npm_package_homepage}}\\n\\","        href=\"{{env.npm_package_homepage}}\"\\n\\","        {{/if env.npm_package_homepage}}\\n\\","        target=\"_blank\"\\n\\","    >\\n\\","utility2-comment -->\\n\\","        {{env.npm_package_name}} (v{{env.npm_package_version}})\\n\\","<!-- utility2-comment\\n\\","    </a>\\n\\","utility2-comment -->\\n\\","</h1>\\n\\","<h3>{{env.npm_package_description}}</h3>\\n\\","<!-- utility2-comment\\n\\","<h4><a download href=\"assets.app.js\">download standalone app</a></h4>\\n\\","<button class=\"onclick onreset\" id=\"testRunButton1\">run internal test</button><br>\\n\\","<div id=\"testReportDiv1\" style=\"display: none;\"></div>\\n\\","utility2-comment -->\\n\\","\\n\\","\\n\\","\\n\\","<label>stderr and stdout</label>\\n\\","<textarea class=\"resettable\" id=\"outputTextareaStdout1\" readonly></textarea>\\n\\","<!-- utility2-comment\\n\\","{{#if isRollup}}\\n\\","<script src=\"assets.app.js\"></script>\\n\\","{{#unless isRollup}}\\n\\","utility2-comment -->\\n\\","<script src=\"assets.utility2.rollup.js\"></script>\\n\\","<script src=\"jsonp.utility2._stateInit?callback=window.utility2._stateInit\"></script>\\n\\","<script src=\"assets.npmtest_webpack_config_utils.rollup.js\"></script>\\n\\","<script src=\"assets.example.js\"></script>\\n\\","<script src=\"assets.test.js\"></script>\\n\\","<!-- utility2-comment\\n\\","{{/if isRollup}}\\n\\","utility2-comment -->\\n\\","<div class=\"utility2FooterDiv\">\\n\\","    [ this app was created with\\n\\","    <a href=\"https://github.com/kaizhu256/node-utility2\" target=\"_blank\">utility2</a>\\n\\","    ]\\n\\","</div>\\n\\","</body>\\n\\","</html>\\n\\","';","        /* jslint-ignore-end */","        if (local.templateRender) {","            local.assetsDict['/'] = local.templateRender(","                local.assetsDict['/assets.index.template.html'],","                {","                    env: local.objectSetDefault(local.env, {","                        npm_package_description: 'the greatest app in the world!',","                        npm_package_name: 'my-app',","                        npm_package_nameAlias: 'my_app',","                        npm_package_version: '0.0.1'","                    })","                }","            );","        } else {","            local.assetsDict['/'] = local.assetsDict['/assets.index.template.html']","                .replace((/\\{\\{env\\.(\\w+?)\\}\\}/g), function (match0, match1) {","                    // jslint-hack","                    String(match0);","                    switch (match1) {","                    case 'npm_package_description':","                        return 'the greatest app in the world!';","                    case 'npm_package_name':","                        return 'my-app';","                    case 'npm_package_nameAlias':","                        return 'my_app';","                    case 'npm_package_version':","                        return '0.0.1';","                    }","                });","        }","        // run the cli","        if (local.global.utility2_rollup || module !== require.main) {","            break;","        }","        local.assetsDict['/assets.example.js'] =","            local.assetsDict['/assets.example.js'] ||","            local.fs.readFileSync(__filename, 'utf8');","        // bug-workaround - long $npm_package_buildCustomOrg","        /* jslint-ignore-begin */","        local.assetsDict['/assets.npmtest_webpack_config_utils.rollup.js'] =","            local.assetsDict['/assets.npmtest_webpack_config_utils.rollup.js'] ||","            local.fs.readFileSync(","                local.npmtest_webpack_config_utils.__dirname + '/lib.npmtest_webpack_config_utils.js',","                'utf8'","            ).replace((/^#!/), '//');","        /* jslint-ignore-end */","        local.assetsDict['/favicon.ico'] = local.assetsDict['/favicon.ico'] || '';","        // if $npm_config_timeout_exit exists,","        // then exit this process after $npm_config_timeout_exit ms","        if (Number(process.env.npm_config_timeout_exit)) {","            setTimeout(process.exit, Number(process.env.npm_config_timeout_exit));","        }","        // start server","        if (local.global.utility2_serverHttp1) {","            break;","        }","        process.env.PORT = process.env.PORT || '8081';","        console.error('server starting on port ' + process.env.PORT);","        local.http.createServer(function (request, response) {","            request.urlParsed = local.url.parse(request.url);","            if (local.assetsDict[request.urlParsed.pathname] !== undefined) {","                response.end(local.assetsDict[request.urlParsed.pathname]);","                return;","            }","            response.statusCode = 404;","            response.end();","        }).listen(process.env.PORT);","        break;","    }","}());",""],"l":{"26":2,"28":2,"33":2,"35":2,"37":2,"38":2,"39":2,"44":1,"51":2,"55":2,"59":2,"61":2,"69":1,"70":2,"76":2,"79":2,"82":2,"83":2,"85":1,"89":2,"92":1,"93":1,"94":1,"96":1,"97":1,"100":1,"101":1,"103":1,"106":1,"108":2,"114":1,"116":1,"118":1,"123":1,"124":2,"125":2,"126":3,"127":3,"128":3,"129":3,"130":1,"133":3,"134":3,"139":3,"143":1,"144":3,"145":1,"149":1,"150":1,"158":1,"160":1,"161":1,"162":1,"164":1,"166":1,"258":1,"259":1,"271":1,"274":6,"275":6,"277":1,"279":2,"281":1,"283":2,"288":1,"289":1,"291":1,"296":1,"303":1,"306":1,"307":1,"310":1,"311":1,"313":1,"314":1,"315":1,"316":1,"317":1,"318":1,"319":1,"321":1,"322":1,"324":1}},"/home/travis/build/npmtest/node-npmtest-webpack-config-utils/node_modules/webpack-config-utils/dist/index.js":{"path":"/home/travis/build/npmtest/node-npmtest-webpack-config-utils/node_modules/webpack-config-utils/dist/index.js","s":{"1":1,"2":1,"3":1,"4":2,"5":1,"6":1,"7":2,"8":0,"9":2,"10":4,"11":1,"12":1,"13":1,"14":0,"15":1,"16":2,"17":1,"18":1,"19":1,"20":0,"21":1,"22":2,"23":1,"24":2},"b":{"1":[0,2],"2":[2,2],"3":[0,1],"4":[1,1],"5":[0,1],"6":[1,1],"7":[0,2],"8":[2,2]},"f":{"1":2,"2":2,"3":4,"4":1,"5":2,"6":1,"7":2,"8":2},"fnMap":{"1":{"name":"get","line":11,"loc":{"start":{"line":11,"column":7},"end":{"line":11,"column":22}}},"2":{"name":"(anonymous_2)","line":18,"loc":{"start":{"line":18,"column":29},"end":{"line":18,"column":44}}},"3":{"name":"get","line":22,"loc":{"start":{"line":22,"column":9},"end":{"line":22,"column":24}}},"4":{"name":"(anonymous_4)","line":30,"loc":{"start":{"line":30,"column":34},"end":{"line":30,"column":49}}},"5":{"name":"get","line":34,"loc":{"start":{"line":34,"column":9},"end":{"line":34,"column":24}}},"6":{"name":"(anonymous_6)","line":42,"loc":{"start":{"line":42,"column":33},"end":{"line":42,"column":48}}},"7":{"name":"get","line":46,"loc":{"start":{"line":46,"column":9},"end":{"line":46,"column":24}}},"8":{"name":"_interopRequireDefault","line":52,"loc":{"start":{"line":52,"column":0},"end":{"line":52,"column":37}}}},"statementMap":{"1":{"start":{"line":3,"column":0},"end":{"line":5,"column":3}},"2":{"start":{"line":7,"column":0},"end":{"line":7,"column":64}},"3":{"start":{"line":9,"column":0},"end":{"line":14,"column":3}},"4":{"start":{"line":12,"column":4},"end":{"line":12,"column":66}},"5":{"start":{"line":16,"column":0},"end":{"line":16,"column":35}},"6":{"start":{"line":18,"column":0},"end":{"line":26,"column":3}},"7":{"start":{"line":19,"column":2},"end":{"line":19,"column":56}},"8":{"start":{"line":19,"column":49},"end":{"line":19,"column":56}},"9":{"start":{"line":20,"column":2},"end":{"line":25,"column":5}},"10":{"start":{"line":23,"column":6},"end":{"line":23,"column":26}},"11":{"start":{"line":28,"column":0},"end":{"line":28,"column":45}},"12":{"start":{"line":30,"column":0},"end":{"line":38,"column":3}},"13":{"start":{"line":31,"column":2},"end":{"line":31,"column":56}},"14":{"start":{"line":31,"column":49},"end":{"line":31,"column":56}},"15":{"start":{"line":32,"column":2},"end":{"line":37,"column":5}},"16":{"start":{"line":35,"column":6},"end":{"line":35,"column":31}},"17":{"start":{"line":40,"column":0},"end":{"line":40,"column":44}},"18":{"start":{"line":42,"column":0},"end":{"line":50,"column":3}},"19":{"start":{"line":43,"column":2},"end":{"line":43,"column":56}},"20":{"start":{"line":43,"column":49},"end":{"line":43,"column":56}},"21":{"start":{"line":44,"column":2},"end":{"line":49,"column":5}},"22":{"start":{"line":47,"column":6},"end":{"line":47,"column":30}},"23":{"start":{"line":52,"column":0},"end":{"line":52,"column":95}},"24":{"start":{"line":52,"column":39},"end":{"line":52,"column":93}}},"branchMap":{"1":{"line":19,"type":"if","locations":[{"start":{"line":19,"column":2},"end":{"line":19,"column":2}},{"start":{"line":19,"column":2},"end":{"line":19,"column":2}}]},"2":{"line":19,"type":"binary-expr","locations":[{"start":{"line":19,"column":6},"end":{"line":19,"column":23}},{"start":{"line":19,"column":27},"end":{"line":19,"column":47}}]},"3":{"line":31,"type":"if","locations":[{"start":{"line":31,"column":2},"end":{"line":31,"column":2}},{"start":{"line":31,"column":2},"end":{"line":31,"column":2}}]},"4":{"line":31,"type":"binary-expr","locations":[{"start":{"line":31,"column":6},"end":{"line":31,"column":23}},{"start":{"line":31,"column":27},"end":{"line":31,"column":47}}]},"5":{"line":43,"type":"if","locations":[{"start":{"line":43,"column":2},"end":{"line":43,"column":2}},{"start":{"line":43,"column":2},"end":{"line":43,"column":2}}]},"6":{"line":43,"type":"binary-expr","locations":[{"start":{"line":43,"column":6},"end":{"line":43,"column":23}},{"start":{"line":43,"column":27},"end":{"line":43,"column":47}}]},"7":{"line":52,"type":"cond-expr","locations":[{"start":{"line":52,"column":70},"end":{"line":52,"column":73}},{"start":{"line":52,"column":76},"end":{"line":52,"column":92}}]},"8":{"line":52,"type":"binary-expr","locations":[{"start":{"line":52,"column":46},"end":{"line":52,"column":49}},{"start":{"line":52,"column":53},"end":{"line":52,"column":67}}]}},"code":["'use strict';","","Object.defineProperty(exports, \"__esModule\", {","  value: true","});","","var _webpackCombineLoaders = require('webpack-combine-loaders');","","Object.defineProperty(exports, 'combineLoaders', {","  enumerable: true,","  get: function get() {","    return _interopRequireDefault(_webpackCombineLoaders).default;","  }","});","","var _propIf = require('./prop-if');","","Object.keys(_propIf).forEach(function (key) {","  if (key === \"default\" || key === \"__esModule\") return;","  Object.defineProperty(exports, key, {","    enumerable: true,","    get: function get() {","      return _propIf[key];","    }","  });","});","","var _removeEmpty = require('./remove-empty');","","Object.keys(_removeEmpty).forEach(function (key) {","  if (key === \"default\" || key === \"__esModule\") return;","  Object.defineProperty(exports, key, {","    enumerable: true,","    get: function get() {","      return _removeEmpty[key];","    }","  });","});","","var _getIfUtils = require('./get-if-utils');","","Object.keys(_getIfUtils).forEach(function (key) {","  if (key === \"default\" || key === \"__esModule\") return;","  Object.defineProperty(exports, key, {","    enumerable: true,","    get: function get() {","      return _getIfUtils[key];","    }","  });","});","","function _interopRequireDefault(obj) { return obj && obj.__esModule ? obj : { default: obj }; }"],"l":{"3":1,"7":1,"9":1,"12":2,"16":1,"18":1,"19":2,"20":2,"23":4,"28":1,"30":1,"31":1,"32":1,"35":2,"40":1,"42":1,"43":1,"44":1,"47":2,"52":2}},"/home/travis/build/npmtest/node-npmtest-webpack-config-utils/node_modules/webpack-config-utils/node_modules/webpack-combine-loaders/combineLoaders.js":{"path":"/home/travis/build/npmtest/node-npmtest-webpack-config-utils/node_modules/webpack-config-utils/node_modules/webpack-combine-loaders/combineLoaders.js","s":{"1":1,"2":1,"3":0,"4":0,"5":0,"6":0,"7":0,"8":1},"b":{"1":[0,0]},"f":{"1":0,"2":0},"fnMap":{"1":{"name":"combineLoaders","line":3,"loc":{"start":{"line":3,"column":0},"end":{"line":3,"column":33}}},"2":{"name":"(anonymous_2)","line":4,"loc":{"start":{"line":4,"column":21},"end":{"line":4,"column":43}}}},"statementMap":{"1":{"start":{"line":1,"column":0},"end":{"line":1,"column":23}},"2":{"start":{"line":3,"column":0},"end":{"line":11,"column":1}},"3":{"start":{"line":4,"column":2},"end":{"line":10,"column":15}},"4":{"start":{"line":5,"column":4},"end":{"line":5,"column":92}},"5":{"start":{"line":6,"column":4},"end":{"line":8,"column":5}},"6":{"start":{"line":7,"column":6},"end":{"line":7,"column":26}},"7":{"start":{"line":9,"column":4},"end":{"line":9,"column":38}},"8":{"start":{"line":13,"column":0},"end":{"line":13,"column":32}}},"branchMap":{"1":{"line":6,"type":"if","locations":[{"start":{"line":6,"column":4},"end":{"line":6,"column":4}},{"start":{"line":6,"column":4},"end":{"line":6,"column":4}}]}},"code":["var qs = require('qs');","","function combineLoaders(loaders) {","  return loaders.map(function(loaderEntry) {","    var query = qs.stringify(loaderEntry.query, { arrayFormat: 'brackets', encode: false });","    if (query) {","      query = '?' + query;","    }","    return loaderEntry.loader + query;","  }).join('!');","}","","module.exports = combineLoaders;",""],"l":{"1":1,"3":1,"4":0,"5":0,"6":0,"7":0,"9":0,"13":1}},"/home/travis/build/npmtest/node-npmtest-webpack-config-utils/node_modules/webpack-config-utils/node_modules/qs/lib/index.js":{"path":"/home/travis/build/npmtest/node-npmtest-webpack-config-utils/node_modules/webpack-config-utils/node_modules/qs/lib/index.js","s":{"1":1,"2":1,"3":1,"4":1},"b":{},"f":{},"fnMap":{},"statementMap":{"1":{"start":{"line":3,"column":0},"end":{"line":3,"column":39}},"2":{"start":{"line":4,"column":0},"end":{"line":4,"column":31}},"3":{"start":{"line":9,"column":0},"end":{"line":9,"column":19}},"4":{"start":{"line":12,"column":0},"end":{"line":15,"column":2}}},"branchMap":{},"code":["// Load modules","","var Stringify = require('./stringify');","var Parse = require('./parse');","","","// Declare internals","","var internals = {};","","","module.exports = {","    stringify: Stringify,","    parse: Parse","};",""],"l":{"3":1,"4":1,"9":1,"12":1}},"/home/travis/build/npmtest/node-npmtest-webpack-config-utils/node_modules/webpack-config-utils/node_modules/qs/lib/stringify.js":{"path":"/home/travis/build/npmtest/node-npmtest-webpack-config-utils/node_modules/webpack-config-utils/node_modules/qs/lib/stringify.js","s":{"1":1,"2":1,"3":0,"4":0,"5":0,"6":1,"7":0,"8":0,"9":0,"10":0,"11":0,"12":0,"13":0,"14":0,"15":0,"16":0,"17":0,"18":0,"19":0,"20":0,"21":0,"22":0,"23":0,"24":0,"25":0,"26":0,"27":0,"28":0,"29":0,"30":0,"31":0,"32":0,"33":0,"34":0,"35":0,"36":0,"37":1,"38":0,"39":0,"40":0,"41":0,"42":0,"43":0,"44":0,"45":0,"46":0,"47":0,"48":0,"49":0,"50":0,"51":0,"52":0,"53":0,"54":0,"55":0,"56":0,"57":0,"58":0,"59":0,"60":0,"61":0,"62":0,"63":0,"64":0,"65":0,"66":0,"67":0,"68":0,"69":0,"70":0},"b":{"1":[0,0],"2":[0,0],"3":[0,0],"4":[0,0],"5":[0,0],"6":[0,0],"7":[0,0],"8":[0,0,0],"9":[0,0],"10":[0,0],"11":[0,0],"12":[0,0],"13":[0,0],"14":[0,0],"15":[0,0],"16":[0,0],"17":[0,0],"18":[0,0],"19":[0,0],"20":[0,0],"21":[0,0],"22":[0,0],"23":[0,0],"24":[0,0],"25":[0,0],"26":[0,0],"27":[0,0],"28":[0,0],"29":[0,0],"30":[0,0],"31":[0,0],"32":[0,0]},"f":{"1":0,"2":0,"3":0,"4":0,"5":0},"fnMap":{"1":{"name":"(anonymous_1)","line":11,"loc":{"start":{"line":11,"column":18},"end":{"line":11,"column":41}}},"2":{"name":"(anonymous_2)","line":15,"loc":{"start":{"line":15,"column":17},"end":{"line":15,"column":40}}},"3":{"name":"(anonymous_3)","line":19,"loc":{"start":{"line":19,"column":16},"end":{"line":19,"column":39}}},"4":{"name":"(anonymous_4)","line":30,"loc":{"start":{"line":30,"column":22},"end":{"line":30,"column":119}}},"5":{"name":"(anonymous_5)","line":94,"loc":{"start":{"line":94,"column":17},"end":{"line":94,"column":41}}}},"statementMap":{"1":{"start":{"line":3,"column":0},"end":{"line":3,"column":31}},"2":{"start":{"line":8,"column":0},"end":{"line":27,"column":2}},"3":{"start":{"line":13,"column":12},"end":{"line":13,"column":33}},"4":{"start":{"line":17,"column":12},"end":{"line":17,"column":44}},"5":{"start":{"line":21,"column":12},"end":{"line":21,"column":26}},"6":{"start":{"line":30,"column":0},"end":{"line":91,"column":2}},"7":{"start":{"line":32,"column":4},"end":{"line":47,"column":5}},"8":{"start":{"line":33,"column":8},"end":{"line":33,"column":34}},"9":{"start":{"line":35,"column":9},"end":{"line":47,"column":5}},"10":{"start":{"line":36,"column":8},"end":{"line":36,"column":29}},"11":{"start":{"line":38,"column":9},"end":{"line":47,"column":5}},"12":{"start":{"line":39,"column":8},"end":{"line":39,"column":32}},"13":{"start":{"line":41,"column":9},"end":{"line":47,"column":5}},"14":{"start":{"line":42,"column":8},"end":{"line":44,"column":9}},"15":{"start":{"line":43,"column":12},"end":{"line":43,"column":58}},"16":{"start":{"line":46,"column":8},"end":{"line":46,"column":17}},"17":{"start":{"line":49,"column":4},"end":{"line":57,"column":5}},"18":{"start":{"line":53,"column":8},"end":{"line":55,"column":9}},"19":{"start":{"line":54,"column":12},"end":{"line":54,"column":68}},"20":{"start":{"line":56,"column":8},"end":{"line":56,"column":36}},"21":{"start":{"line":59,"column":4},"end":{"line":59,"column":20}},"22":{"start":{"line":61,"column":4},"end":{"line":63,"column":5}},"23":{"start":{"line":62,"column":8},"end":{"line":62,"column":22}},"24":{"start":{"line":65,"column":4},"end":{"line":65,"column":16}},"25":{"start":{"line":66,"column":4},"end":{"line":71,"column":5}},"26":{"start":{"line":67,"column":8},"end":{"line":67,"column":25}},"27":{"start":{"line":69,"column":8},"end":{"line":69,"column":36}},"28":{"start":{"line":70,"column":8},"end":{"line":70,"column":48}},"29":{"start":{"line":73,"column":4},"end":{"line":88,"column":5}},"30":{"start":{"line":74,"column":8},"end":{"line":74,"column":29}},"31":{"start":{"line":76,"column":8},"end":{"line":80,"column":9}},"32":{"start":{"line":79,"column":12},"end":{"line":79,"column":21}},"33":{"start":{"line":82,"column":8},"end":{"line":87,"column":9}},"34":{"start":{"line":83,"column":12},"end":{"line":83,"column":168}},"35":{"start":{"line":86,"column":12},"end":{"line":86,"column":160}},"36":{"start":{"line":90,"column":4},"end":{"line":90,"column":18}},"37":{"start":{"line":94,"column":0},"end":{"line":154,"column":2}},"38":{"start":{"line":96,"column":4},"end":{"line":96,"column":28}},"39":{"start":{"line":97,"column":4},"end":{"line":97,"column":103}},"40":{"start":{"line":98,"column":4},"end":{"line":98,"column":137}},"41":{"start":{"line":99,"column":4},"end":{"line":99,"column":101}},"42":{"start":{"line":100,"column":4},"end":{"line":100,"column":89}},"43":{"start":{"line":101,"column":4},"end":{"line":101,"column":72}},"44":{"start":{"line":102,"column":4},"end":{"line":102,"column":16}},"45":{"start":{"line":103,"column":4},"end":{"line":103,"column":15}},"46":{"start":{"line":104,"column":4},"end":{"line":110,"column":5}},"47":{"start":{"line":105,"column":8},"end":{"line":105,"column":32}},"48":{"start":{"line":106,"column":8},"end":{"line":106,"column":30}},"49":{"start":{"line":108,"column":9},"end":{"line":110,"column":5}},"50":{"start":{"line":109,"column":8},"end":{"line":109,"column":42}},"51":{"start":{"line":112,"column":4},"end":{"line":112,"column":18}},"52":{"start":{"line":114,"column":4},"end":{"line":118,"column":5}},"53":{"start":{"line":117,"column":8},"end":{"line":117,"column":18}},"54":{"start":{"line":120,"column":4},"end":{"line":120,"column":20}},"55":{"start":{"line":121,"column":4},"end":{"line":129,"column":5}},"56":{"start":{"line":122,"column":8},"end":{"line":122,"column":42}},"57":{"start":{"line":124,"column":9},"end":{"line":129,"column":5}},"58":{"start":{"line":125,"column":8},"end":{"line":125,"column":61}},"59":{"start":{"line":128,"column":8},"end":{"line":128,"column":32}},"60":{"start":{"line":131,"column":4},"end":{"line":131,"column":75}},"61":{"start":{"line":133,"column":4},"end":{"line":135,"column":5}},"62":{"start":{"line":134,"column":8},"end":{"line":134,"column":35}},"63":{"start":{"line":137,"column":4},"end":{"line":139,"column":5}},"64":{"start":{"line":138,"column":8},"end":{"line":138,"column":27}},"65":{"start":{"line":141,"column":4},"end":{"line":151,"column":5}},"66":{"start":{"line":142,"column":8},"end":{"line":142,"column":29}},"67":{"start":{"line":144,"column":8},"end":{"line":148,"column":9}},"68":{"start":{"line":147,"column":12},"end":{"line":147,"column":21}},"69":{"start":{"line":150,"column":8},"end":{"line":150,"column":137}},"70":{"start":{"line":153,"column":4},"end":{"line":153,"column":32}}},"branchMap":{"1":{"line":32,"type":"if","locations":[{"start":{"line":32,"column":4},"end":{"line":32,"column":4}},{"start":{"line":32,"column":4},"end":{"line":32,"column":4}}]},"2":{"line":35,"type":"if","locations":[{"start":{"line":35,"column":9},"end":{"line":35,"column":9}},{"start":{"line":35,"column":9},"end":{"line":35,"column":9}}]},"3":{"line":38,"type":"if","locations":[{"start":{"line":38,"column":9},"end":{"line":38,"column":9}},{"start":{"line":38,"column":9},"end":{"line":38,"column":9}}]},"4":{"line":41,"type":"if","locations":[{"start":{"line":41,"column":9},"end":{"line":41,"column":9}},{"start":{"line":41,"column":9},"end":{"line":41,"column":9}}]},"5":{"line":42,"type":"if","locations":[{"start":{"line":42,"column":8},"end":{"line":42,"column":8}},{"start":{"line":42,"column":8},"end":{"line":42,"column":8}}]},"6":{"line":43,"type":"cond-expr","locations":[{"start":{"line":43,"column":28},"end":{"line":43,"column":48}},{"start":{"line":43,"column":51},"end":{"line":43,"column":57}}]},"7":{"line":49,"type":"if","locations":[{"start":{"line":49,"column":4},"end":{"line":49,"column":4}},{"start":{"line":49,"column":4},"end":{"line":49,"column":4}}]},"8":{"line":49,"type":"binary-expr","locations":[{"start":{"line":49,"column":8},"end":{"line":49,"column":31}},{"start":{"line":50,"column":8},"end":{"line":50,"column":31}},{"start":{"line":51,"column":8},"end":{"line":51,"column":32}}]},"9":{"line":53,"type":"if","locations":[{"start":{"line":53,"column":8},"end":{"line":53,"column":8}},{"start":{"line":53,"column":8},"end":{"line":53,"column":8}}]},"10":{"line":61,"type":"if","locations":[{"start":{"line":61,"column":4},"end":{"line":61,"column":4}},{"start":{"line":61,"column":4},"end":{"line":61,"column":4}}]},"11":{"line":66,"type":"if","locations":[{"start":{"line":66,"column":4},"end":{"line":66,"column":4}},{"start":{"line":66,"column":4},"end":{"line":66,"column":4}}]},"12":{"line":70,"type":"cond-expr","locations":[{"start":{"line":70,"column":25},"end":{"line":70,"column":40}},{"start":{"line":70,"column":43},"end":{"line":70,"column":47}}]},"13":{"line":76,"type":"if","locations":[{"start":{"line":76,"column":8},"end":{"line":76,"column":8}},{"start":{"line":76,"column":8},"end":{"line":76,"column":8}}]},"14":{"line":76,"type":"binary-expr","locations":[{"start":{"line":76,"column":12},"end":{"line":76,"column":21}},{"start":{"line":77,"column":12},"end":{"line":77,"column":29}}]},"15":{"line":82,"type":"if","locations":[{"start":{"line":82,"column":8},"end":{"line":82,"column":8}},{"start":{"line":82,"column":8},"end":{"line":82,"column":8}}]},"16":{"line":96,"type":"binary-expr","locations":[{"start":{"line":96,"column":14},"end":{"line":96,"column":21}},{"start":{"line":96,"column":25},"end":{"line":96,"column":27}}]},"17":{"line":97,"type":"cond-expr","locations":[{"start":{"line":97,"column":63},"end":{"line":97,"column":82}},{"start":{"line":97,"column":85},"end":{"line":97,"column":102}}]},"18":{"line":98,"type":"cond-expr","locations":[{"start":{"line":98,"column":79},"end":{"line":98,"column":105}},{"start":{"line":98,"column":108},"end":{"line":98,"column":136}}]},"19":{"line":99,"type":"cond-expr","locations":[{"start":{"line":99,"column":61},"end":{"line":99,"column":78}},{"start":{"line":99,"column":81},"end":{"line":99,"column":100}}]},"20":{"line":100,"type":"cond-expr","locations":[{"start":{"line":100,"column":55},"end":{"line":100,"column":69}},{"start":{"line":100,"column":72},"end":{"line":100,"column":88}}]},"21":{"line":101,"type":"cond-expr","locations":[{"start":{"line":101,"column":52},"end":{"line":101,"column":64}},{"start":{"line":101,"column":67},"end":{"line":101,"column":71}}]},"22":{"line":104,"type":"if","locations":[{"start":{"line":104,"column":4},"end":{"line":104,"column":4}},{"start":{"line":104,"column":4},"end":{"line":104,"column":4}}]},"23":{"line":108,"type":"if","locations":[{"start":{"line":108,"column":9},"end":{"line":108,"column":9}},{"start":{"line":108,"column":9},"end":{"line":108,"column":9}}]},"24":{"line":114,"type":"if","locations":[{"start":{"line":114,"column":4},"end":{"line":114,"column":4}},{"start":{"line":114,"column":4},"end":{"line":114,"column":4}}]},"25":{"line":114,"type":"binary-expr","locations":[{"start":{"line":114,"column":8},"end":{"line":114,"column":31}},{"start":{"line":115,"column":8},"end":{"line":115,"column":20}}]},"26":{"line":121,"type":"if","locations":[{"start":{"line":121,"column":4},"end":{"line":121,"column":4}},{"start":{"line":121,"column":4},"end":{"line":121,"column":4}}]},"27":{"line":124,"type":"if","locations":[{"start":{"line":124,"column":9},"end":{"line":124,"column":9}},{"start":{"line":124,"column":9},"end":{"line":124,"column":9}}]},"28":{"line":125,"type":"cond-expr","locations":[{"start":{"line":125,"column":40},"end":{"line":125,"column":49}},{"start":{"line":125,"column":52},"end":{"line":125,"column":60}}]},"29":{"line":133,"type":"if","locations":[{"start":{"line":133,"column":4},"end":{"line":133,"column":4}},{"start":{"line":133,"column":4},"end":{"line":133,"column":4}}]},"30":{"line":137,"type":"if","locations":[{"start":{"line":137,"column":4},"end":{"line":137,"column":4}},{"start":{"line":137,"column":4},"end":{"line":137,"column":4}}]},"31":{"line":144,"type":"if","locations":[{"start":{"line":144,"column":8},"end":{"line":144,"column":8}},{"start":{"line":144,"column":8},"end":{"line":144,"column":8}}]},"32":{"line":144,"type":"binary-expr","locations":[{"start":{"line":144,"column":12},"end":{"line":144,"column":21}},{"start":{"line":145,"column":12},"end":{"line":145,"column":29}}]}},"code":["// Load modules","","var Utils = require('./utils');","","","// Declare internals","","var internals = {","    delimiter: '&',","    arrayPrefixGenerators: {","        brackets: function (prefix, key) {","","            return prefix + '[]';","        },","        indices: function (prefix, key) {","","            return prefix + '[' + key + ']';","        },","        repeat: function (prefix, key) {","","            return prefix;","        }","    },","    strictNullHandling: false,","    skipNulls: false,","    encode: true","};","","","internals.stringify = function (obj, prefix, generateArrayPrefix, strictNullHandling, skipNulls, encode, filter, sort) {","","    if (typeof filter === 'function') {","        obj = filter(prefix, obj);","    }","    else if (Utils.isBuffer(obj)) {","        obj = obj.toString();","    }","    else if (obj instanceof Date) {","        obj = obj.toISOString();","    }","    else if (obj === null) {","        if (strictNullHandling) {","            return encode ? Utils.encode(prefix) : prefix;","        }","","        obj = '';","    }","","    if (typeof obj === 'string' ||","        typeof obj === 'number' ||","        typeof obj === 'boolean') {","","        if (encode) {","            return [Utils.encode(prefix) + '=' + Utils.encode(obj)];","        }","        return [prefix + '=' + obj];","    }","","    var values = [];","","    if (typeof obj === 'undefined') {","        return values;","    }","","    var objKeys;","    if (Array.isArray(filter)) {","        objKeys = filter;","    } else {","        var keys = Object.keys(obj);","        objKeys = sort ? keys.sort(sort) : keys;","    }","","    for (var i = 0, il = objKeys.length; i < il; ++i) {","        var key = objKeys[i];","","        if (skipNulls &&","            obj[key] === null) {","","            continue;","        }","","        if (Array.isArray(obj)) {","            values = values.concat(internals.stringify(obj[key], generateArrayPrefix(prefix, key), generateArrayPrefix, strictNullHandling, skipNulls, encode, filter));","        }","        else {","            values = values.concat(internals.stringify(obj[key], prefix + '[' + key + ']', generateArrayPrefix, strictNullHandling, skipNulls, encode, filter));","        }","    }","","    return values;","};","","","module.exports = function (obj, options) {","","    options = options || {};","    var delimiter = typeof options.delimiter === 'undefined' ? internals.delimiter : options.delimiter;","    var strictNullHandling = typeof options.strictNullHandling === 'boolean' ? options.strictNullHandling : internals.strictNullHandling;","    var skipNulls = typeof options.skipNulls === 'boolean' ? options.skipNulls : internals.skipNulls;","    var encode = typeof options.encode === 'boolean' ? options.encode : internals.encode;","    var sort = typeof options.sort === 'function' ? options.sort : null;","    var objKeys;","    var filter;","    if (typeof options.filter === 'function') {","        filter = options.filter;","        obj = filter('', obj);","    }","    else if (Array.isArray(options.filter)) {","        objKeys = filter = options.filter;","    }","","    var keys = [];","","    if (typeof obj !== 'object' ||","        obj === null) {","","        return '';","    }","","    var arrayFormat;","    if (options.arrayFormat in internals.arrayPrefixGenerators) {","        arrayFormat = options.arrayFormat;","    }","    else if ('indices' in options) {","        arrayFormat = options.indices ? 'indices' : 'repeat';","    }","    else {","        arrayFormat = 'indices';","    }","","    var generateArrayPrefix = internals.arrayPrefixGenerators[arrayFormat];","","    if (!objKeys) {","        objKeys = Object.keys(obj);","    }","","    if (sort) {","        objKeys.sort(sort);","    }","","    for (var i = 0, il = objKeys.length; i < il; ++i) {","        var key = objKeys[i];","","        if (skipNulls &&","            obj[key] === null) {","","            continue;","        }","","        keys = keys.concat(internals.stringify(obj[key], key, generateArrayPrefix, strictNullHandling, skipNulls, encode, filter, sort));","    }","","    return keys.join(delimiter);","};",""],"l":{"3":1,"8":1,"13":0,"17":0,"21":0,"30":1,"32":0,"33":0,"35":0,"36":0,"38":0,"39":0,"41":0,"42":0,"43":0,"46":0,"49":0,"53":0,"54":0,"56":0,"59":0,"61":0,"62":0,"65":0,"66":0,"67":0,"69":0,"70":0,"73":0,"74":0,"76":0,"79":0,"82":0,"83":0,"86":0,"90":0,"94":1,"96":0,"97":0,"98":0,"99":0,"100":0,"101":0,"102":0,"103":0,"104":0,"105":0,"106":0,"108":0,"109":0,"112":0,"114":0,"117":0,"120":0,"121":0,"122":0,"124":0,"125":0,"128":0,"131":0,"133":0,"134":0,"137":0,"138":0,"141":0,"142":0,"144":0,"147":0,"150":0,"153":0}},"/home/travis/build/npmtest/node-npmtest-webpack-config-utils/node_modules/webpack-config-utils/node_modules/qs/lib/utils.js":{"path":"/home/travis/build/npmtest/node-npmtest-webpack-config-utils/node_modules/webpack-config-utils/node_modules/qs/lib/utils.js","s":{"1":1,"2":1,"3":1,"4":256,"5":1,"6":0,"7":0,"8":0,"9":0,"10":0,"11":1,"12":0,"13":0,"14":0,"15":0,"16":0,"17":0,"18":0,"19":0,"20":0,"21":0,"22":0,"23":0,"24":0,"25":0,"26":0,"27":0,"28":0,"29":0,"30":0,"31":0,"32":0,"33":0,"34":1,"35":0,"36":0,"37":0,"38":1,"39":0,"40":0,"41":0,"42":0,"43":0,"44":0,"45":0,"46":0,"47":0,"48":0,"49":0,"50":0,"51":0,"52":0,"53":0,"54":0,"55":0,"56":0,"57":0,"58":0,"59":0,"60":0,"61":0,"62":1,"63":0,"64":0,"65":0,"66":0,"67":0,"68":0,"69":0,"70":0,"71":0,"72":0,"73":0,"74":0,"75":0,"76":0,"77":0,"78":0,"79":0,"80":0,"81":1,"82":0,"83":1,"84":0,"85":0,"86":0},"b":{"1":[16,240],"2":[0,0],"3":[0,0],"4":[0,0],"5":[0,0],"6":[0,0],"7":[0,0],"8":[0,0],"9":[0,0],"10":[0,0],"11":[0,0],"12":[0,0],"13":[0,0],"14":[0,0],"15":[0,0,0,0,0,0,0,0,0,0],"16":[0,0],"17":[0,0],"18":[0,0],"19":[0,0],"20":[0,0],"21":[0,0],"22":[0,0],"23":[0,0],"24":[0,0],"25":[0,0],"26":[0,0],"27":[0,0],"28":[0,0,0]},"f":{"1":0,"2":0,"3":0,"4":0,"5":0,"6":0,"7":0},"fnMap":{"1":{"name":"(anonymous_1)","line":13,"loc":{"start":{"line":13,"column":24},"end":{"line":13,"column":51}}},"2":{"name":"(anonymous_2)","line":27,"loc":{"start":{"line":27,"column":16},"end":{"line":27,"column":51}}},"3":{"name":"(anonymous_3)","line":75,"loc":{"start":{"line":75,"column":17},"end":{"line":75,"column":32}}},"4":{"name":"(anonymous_4)","line":84,"loc":{"start":{"line":84,"column":17},"end":{"line":84,"column":32}}},"5":{"name":"(anonymous_5)","line":135,"loc":{"start":{"line":135,"column":18},"end":{"line":135,"column":39}}},"6":{"name":"(anonymous_6)","line":173,"loc":{"start":{"line":173,"column":19},"end":{"line":173,"column":34}}},"7":{"name":"(anonymous_7)","line":179,"loc":{"start":{"line":179,"column":19},"end":{"line":179,"column":34}}}},"statementMap":{"1":{"start":{"line":6,"column":0},"end":{"line":6,"column":19}},"2":{"start":{"line":7,"column":0},"end":{"line":7,"column":36}},"3":{"start":{"line":8,"column":0},"end":{"line":10,"column":1}},"4":{"start":{"line":9,"column":4},"end":{"line":9,"column":87}},"5":{"start":{"line":13,"column":0},"end":{"line":24,"column":2}},"6":{"start":{"line":15,"column":4},"end":{"line":15,"column":62}},"7":{"start":{"line":16,"column":4},"end":{"line":21,"column":5}},"8":{"start":{"line":17,"column":8},"end":{"line":20,"column":9}},"9":{"start":{"line":19,"column":12},"end":{"line":19,"column":31}},"10":{"start":{"line":23,"column":4},"end":{"line":23,"column":15}},"11":{"start":{"line":27,"column":0},"end":{"line":72,"column":2}},"12":{"start":{"line":29,"column":4},"end":{"line":31,"column":5}},"13":{"start":{"line":30,"column":8},"end":{"line":30,"column":22}},"14":{"start":{"line":33,"column":4},"end":{"line":45,"column":5}},"15":{"start":{"line":34,"column":8},"end":{"line":42,"column":9}},"16":{"start":{"line":35,"column":12},"end":{"line":35,"column":32}},"17":{"start":{"line":37,"column":13},"end":{"line":42,"column":9}},"18":{"start":{"line":38,"column":12},"end":{"line":38,"column":34}},"19":{"start":{"line":41,"column":12},"end":{"line":41,"column":38}},"20":{"start":{"line":44,"column":8},"end":{"line":44,"column":22}},"21":{"start":{"line":47,"column":4},"end":{"line":50,"column":5}},"22":{"start":{"line":48,"column":8},"end":{"line":48,"column":41}},"23":{"start":{"line":49,"column":8},"end":{"line":49,"column":22}},"24":{"start":{"line":52,"column":4},"end":{"line":56,"column":5}},"25":{"start":{"line":55,"column":8},"end":{"line":55,"column":56}},"26":{"start":{"line":58,"column":4},"end":{"line":58,"column":35}},"27":{"start":{"line":59,"column":4},"end":{"line":69,"column":5}},"28":{"start":{"line":60,"column":8},"end":{"line":60,"column":26}},"29":{"start":{"line":61,"column":8},"end":{"line":61,"column":32}},"30":{"start":{"line":63,"column":8},"end":{"line":68,"column":9}},"31":{"start":{"line":64,"column":12},"end":{"line":64,"column":32}},"32":{"start":{"line":67,"column":12},"end":{"line":67,"column":69}},"33":{"start":{"line":71,"column":4},"end":{"li
[...]
tever is left","","    if (segment) {","        keys.push('[' + key.slice(segment.index) + ']');","    }","","    return internals.parseObject(keys, val, options);","};","","","module.exports = function (str, options) {","","    options = options || {};","    options.delimiter = typeof options.delimiter === 'string' || Utils.isRegExp(options.delimiter) ? options.delimiter : internals.delimiter;","    options.depth = typeof options.depth === 'number' ? options.depth : internals.depth;","    options.arrayLimit = typeof options.arrayLimit === 'number' ? options.arrayLimit : internals.arrayLimit;","    options.parseArrays = options.parseArrays !== false;","    options.allowDots = typeof options.allowDots === 'boolean' ? options.allowDots : internals.allowDots;","    options.plainObjects = typeof options.plainObjects === 'boolean' ? options.plainObjects : internals.plainObjects;","    options.allowPrototypes = typeof options.allowPrototypes === 'boolean' ? options.allowPrototypes : internals.allowPrototypes;","    options.parameterLimit = typeof options.parameterLimit === 'number' ? options.parameterLimit : internals.parameterLimit;","    options.strictNullHandling = typeof options.strictNullHandling === 'boolean' ? options.strictNullHandling : internals.strictNullHandling;","","    if (str === '' ||","        str === null ||","        typeof str === 'undefined') {","","        return options.plainObjects ? Object.create(null) : {};","    }","","    var tempObj = typeof str === 'string' ? internals.parseValues(str, options) : str;","    var obj = options.plainObjects ? Object.create(null) : {};","","    // Iterate over the keys and setup the new object","","    var keys = Object.keys(tempObj);","    for (var i = 0, il = keys.length; i < il; ++i) {","        var key = keys[i];","        var newObj = internals.parseKeys(key, tempObj[key], options);","        obj = Utils.merge(obj, newObj, options);","    }","","    return Utils.compact(obj);","};",""],"l":{"3":1,"8":1,"20":1,"22":0,"23":0,"25":0,"26":0,"27":0,"29":0,"30":0,"31":0,"32":0,"34":0,"35":0,"37":0,"38":0,"40":0,"44":0,"48":1,"50":0,"51":0,"54":0,"56":0,"57":0,"58":0,"59":0,"62":0,"63":0,"64":0,"65":0,"66":0,"73":0,"74":0,"77":0,"81":0,"85":1,"87":0,"88":0,"93":0,"94":0,"99":0,"100":0,"104":0,"108":0,"109":0,"112":0,"115":0,"116":0,"120":0,"125":0,"126":0,"128":0,"129":0,"132":0,"133":0,"136":0,"141":0,"142":0,"145":0,"149":1,"151":0,"152":0,"153":0,"154":0,"155":0,"156":0,"157":0,"158":0,"159":0,"160":0,"162":0,"166":0,"169":0,"170":0,"174":0,"175":0,"176":0,"177":0,"178":0,"181":0}},"/home/travis/build/npmtest/node-npmtest-webpack-config-utils/node_modules/webpack-config-utils/dist/prop-if.js":{"path":"/home/travis/build/npmtest/node-npmtest-webpack-config-utils/node_modules/webpack-config-utils/dist/prop-if.js","s":{"1":1,"2":1,"3":1,"4":1,"5":0,"6":1,"7":0,"8":1,"9":0},"b":{"1":[0,0]},"f":{"1":0,"2":0,"3":0},"fnMap":{"1":{"name":"propIf","line":26,"loc":{"start":{"line":26,"column":0},"end":{"line":26,"column":39}}},"2":{"name":"propIfNot","line":38,"loc":{"start":{"line":38,"column":0},"end":{"line":38,"column":42}}},"3":{"name":"getValue","line":48,"loc":{"start":{"line":48,"column":0},"end":{"line":48,"column":23}}}},"statementMap":{"1":{"start":{"line":3,"column":0},"end":{"line":5,"column":3}},"2":{"start":{"line":6,"column":0},"end":{"line":6,"column":24}},"3":{"start":{"line":7,"column":0},"end":{"line":7,"column":30}},"4":{"start":{"line":26,"column":0},"end":{"line":28,"column":1}},"5":{"start":{"line":27,"column":2},"end":{"line":27,"column":43}},"6":{"start":{"line":38,"column":0},"end":{"line":40,"column":1}},"7":{"start":{"line":39,"column":2},"end":{"line":39,"column":39}},"8":{"start":{"line":48,"column":0},"end":{"line":50,"column":1}},"9":{"start":{"line":49,"column":2},"end":{"line":49,"column":25}}},"branchMap":{"1":{"line":27,"type":"cond-expr","locations":[{"start":{"line":27,"column":25},"end":{"line":27,"column":30}},{"start":{"line":27,"column":33},"end":{"line":27,"column":42}}]}},"code":["\"use strict\";","","Object.defineProperty(exports, \"__esModule\", {","  value: true","});","exports.propIf = propIf;","exports.propIfNot = propIfNot;","","/**"," * A simple ternary in the form of a function. The `add` argument is evaluated via JSON.parse"," * (to turn \"true\" to `true`). And if the result is truthy, then `value` will be returned, otherwise `alternate` will be"," * returned. This powers the (arguably more useful) methods returned from `getIfUtils`."," * @example"," * propIf(true, 'value', 'alternate')"," * // returns 'value'"," * @example"," * // Is falsy sensitive"," * propIf(0, 'value', 'alternate')"," * // returns 'alternate'"," * @param {*} add The value to evaluate"," * @param {*} value The value to return in a truthy case"," * @param {*} alternate The value to return in a falsy case"," * @return {*} The value based on whether `add` evaluates to truthy"," */","","function propIf(add, value, alternate) {","  return getValue(add) ? value : alternate;","}","","/**"," * This does the opposite of `propIf`. In fact, it just calls into it and swaps the `value` and `alternate` arguments"," * 😄"," * @param {*} add The value to evaluate"," * @param {*} value The value to return in a falsy case"," * @param {*} alternate The value to return in a truthy case"," * @return {*} The value based on whether `add` evaluates to truthy"," */","function propIfNot(add, value, alternate) {","  return propIf(add, alternate, value);","}","","/**"," * Parses the value as JSON. This way \"true\" evaluates to true and \"23\" evaluates to 23"," * @private"," * @param {*} val The value to parse"," * @return {*} the parsed value"," */","function getValue(val) {","  return JSON.parse(val);","}"],"l":{"3":1,"6":1,"7":1,"26":1,"27":0,"38":1,"39":0,"48":1,"49":0}},"/home/travis/build/npmtest/node-npmtest-webpack-config-utils/node_modules/webpack-config-utils/dist/remove-empty.js":{"path":"/home/travis/build/npmtest/node-npmtest-webpack-config-utils/node_modules/webpack-config-utils/dist/remove-empty.js","s":{"1":1,"2":1,"3":1,"4":0,"5":0,"6":0,"7":0,"8":0,"9":0,"10":0,"11":0,"12":0,"13":0},"b":{"1":[0,0],"2":[0,0]},"f":{"1":0,"2":0,"3":0},"fnMap":{"1":{"name":"removeEmpty","line":49,"loc":{"start":{"line":49,"column":0},"end":{"line":49,"column":28}}},"2":{"name":"(anonymous_2)","line":52,"loc":{"start":{"line":52,"column":26},"end":{"line":52,"column":42}}},"3":{"name":"(anonymous_3)","line":57,"loc":{"start":{"line":57,"column":31},"end":{"line":57,"column":46}}}},"statementMap":{"1":{"start":{"line":3,"column":0},"end":{"line":5,"column":3}},"2":{"start":{"line":6,"column":0},"end":{"line":6,"column":34}},"3":{"start":{"line":49,"column":0},"end":{"line":65,"column":1}},"4":{"start":{"line":50,"column":2},"end":{"line":50,"column":22}},"5":{"start":{"line":51,"column":2},"end":{"line":63,"column":3}},"6":{"start":{"line":52,"column":4},"end":{"line":54,"column":7}},"7":{"start":{"line":53,"column":6},"end":{"line":53,"column":41}},"8":{"start":{"line":56,"column":4},"end":{"line":56,"column":16}},"9":{"start":{"line":57,"column":4},"end":{"line":62,"column":7}},"10":{"start":{"line":58,"column":6},"end":{"line":58,"column":29}},"11":{"start":{"line":59,"column":6},"end":{"line":61,"column":7}},"12":{"start":{"line":60,"column":8},"end":{"line":60,"column":28}},"13":{"start":{"line":64,"column":2},"end":{"line":64,"column":16}}},"branchMap":{"1":{"line":51,"type":"if","locations":[{"start":{"line":51,"column":2},"end":{"line":51,"column":2}},{"start":{"line":51,"column":2},"end":{"line":51,"column":2}}]},"2":{"line":59,"type":"if","locations":[{"start":{"line":59,"column":6},"end":{"line":59,"column":6}},{"start":{"line":59,"column":6},"end":{"line":59,"column":6}}]}},"code":["'use strict';","","Object.defineProperty(exports, \"__esModule\", {","  value: true","});","exports.removeEmpty = removeEmpty;","","/**"," * Accepts an array or an object. In the case of an array, remove all undefined values (using `filter`)."," * In the case of an object, remove all keys whose values are undefined."," *"," * @example"," * // Primary use case is in `plugins` and `entry` where `undefined` values can cause issues"," * module.exports = {"," *   ... your config"," *    entry: removeEmptyProperties({"," *      app: ifProd('./indexWithoutCSS', './indexWithCSS'),"," *      css: ifNotProd('./style.css')"," *    }),"," *   plugins: removeEmpty(["," *     ifProduction(new webpack.optimize.DedupePlugin()),"," *     ifProduction(new webpack.LoaderOptionsPlugin({"," *       minimize: true,"," *       quiet: true,"," *     })),"," *     ifProduction(new webpack.DefinePlugin({"," *       'process.env': {"," *         NODE_ENV: '\"production\"',"," *       },"," *     })),"," *     ifProduction(new webpack.optimize.UglifyJsPlugin({"," *       compress: {"," *         screw_ie8: true,"," *         warnings: false,"," *       },"," *     })),"," *     new HtmlWebpackPlugin({"," *       template: './index.html',"," *       inject: 'head',"," *     }),"," *     ifProduction(new OfflinePlugin()),"," *   ]),"," * }"," *"," * @param {object | Array} input The object to remove keys from or the array to remove values from"," * @returns {object | Array} The resulting object or array."," */","","function removeEmpty(input) {","  var output = void 0;","  if (Array.isArray(input)) {","    output = input.filter(function (item) {","      return typeof item !== 'undefined';","    });","  } else {","    output = {};","    Object.keys(input).forEach(function (key) {","      var value = input[key];","      if (typeof value !== 'undefined') {","        output[key] = value;","      }","    });","  }","  return output;","}"],"l":{"3":1,"6":1,"49":1,"50":0,"51":0,"52":0,"53":0,"56":0,"57":0,"58":0,"59":0,"60":0,"64":0}},"/home/travis/build/npmtest/node-npmtest-webpack-config-utils/node_modules/webpack-config-utils/dist/get-if-utils.js":{"path":"/home/travis/build/npmtest/node-npmtest-webpack-config-utils/node_modules/webpack-config-utils/dist/get-if-utils.js","s":{"1":1,"2":1,"3":1,"4":0,"5":0,"6":1,"7":1,"8":0,"9":0,"10":0,"11":0,"12":1,"13":1,"14":0,"15":0,"16":0,"17":0,"18":0,"19":0,"20":0,"21":0,"22":0,"23":0,"24":0,"25":0,"26":1,"27":0,"28":1,"29":0},"b":{"1":[1,0],"2":[1,1],"3":[0,0],"4":[0,0,0,0],"5":[0,0],"6":[0,0],"7":[0,0],"8":[0,0],"9":[0,0],"10":[0,0],"11":[0,0],"12":[0,0]},"f":{"1":0,"2":0,"3":0,"4":0,"5":0,"6":0,"7":0,"8":0,"9":0},"fnMap":{"1":{"name":"(anonymous_1)","line":8,"loc":{"start":{"line":8,"column":84},"end":{"line":8,"column":99}}},"2":{"name":"(anonymous_2)","line":8,"loc":{"start":{"line":8,"column":124},"end":{"line":8,"column":139}}},"3":{"name":"_defineProperty","line":12,"loc":{"start":{"line":12,"column":0},"end":{"line":12,"column":42}}},"4":{"name":"getIfUtils","line":49,"loc":{"start":{"line":49,"column":0},"end":{"line":49,"column":25}}},"5":{"name":"(anonymous_5)","line":56,"loc":{"start":{"line":56,"column":21},"end":{"line":56,"column":48}}},"6":{"name":"(anonymous_6)","line":59,"loc":{"start":{"line":59,"column":36},"end":{"line":59,"column":64}}},"7":{"name":"(anonymous_7)","line":62,"loc":{"start":{"line":62,"column":39},"end":{"line":62,"column":67}}},"8":{"name":"capitalizeWord","line":71,"loc":{"start":{"line":71,"column":0},"end":{"line":71,"column":30}}},"9":{"name":"isUndefined","line":75,"loc":{"start":{"line":75,"column":0},"end":{"line":75,"column":26}}}},"statementMap":{"1":{"start":{"line":3,"column":0},"end":{"line":5,"column":3}},"2":{"start":{"line":6,"column":0},"end":{"line":6,"column":31}},"3":{"start":{"line":8,"column":0},"end":{"line":8,"column":269}},"4":{"start":{"line":8,"column":101},"end":{"line":8,"column":119}},"5":{"start":{"line":8,"column":141},"end":{"line":8,"column":266}},"6":{"start":{"line":10,"column":0},"end":{"line":10,"column":35}},"7":{"start":{"line":12,"column":0},"end":{"line":12,"column":209}},"8":{"start":{"line":12,"column":44},"end":{"line":12,"column":195}},"9":{"start":{"line":12,"column":62},"end":{"line":12,"column":166}},"10":{"start":{"line":12,"column":176},"end":{"line":12,"column":193}},"11":{"start":{"line":12,"column":196},"end":{"line":12,"column":207}},"12":{"start":{"line":14,"column":0},"end":{"line":14,"column":32}},"13":{"start":{"line":49,"column":0},"end":{"line":67,"column":1}},"14":{"start":{"line":50,"column":2},"end":{"line":50,"column":134}},"15":{"start":{"line":52,"column":2},"end":{"line":52,"column":71}},"16":{"start":{"line":53,"column":2},"end":{"line":55,"column":3}},"17":{"start":{"line":54,"column":4},"end":{"line":54,"column":121}},"18":{"start":{"line":56,"column":2},"end":{"line":66,"column":9}},"19":{"start":{"line":57,"column":4},"end":{"line":57,"column":35}},"20":{"start":{"line":58,"column":4},"end":{"line":58,"column":51}},"21":{"start":{"line":59,"column":4},"end":{"line":61,"column":6}},"22":{"start":{"line":60,"column":6},"end":{"line":60,"column":93}},"23":{"start":{"line":62,"column":4},"end":{"line":64,"column":6}},"24":{"start":{"line":63,"column":6},"end":{"line":63,"column":97}},"25":{"start":{"line":65,"column":4},"end":{"line":65,"column":17}},"26":{"start":{"line":71,"column":0},"end":{"line":73,"column":1}},"27":{"start":{"line":72,"column":2},"end":{"line":72,"column":64}},"28":{"start":{"line":75,"column":0},"end":{"line":77,"column":1}},"29":{"start":{"line":76,"column":2},"end":{"line":76,"column":36}}},"branchMap":{"1":{"line":8,"type":"cond-expr","locations":[{"start":{"line":8,"column":84},"end":{"line":8,"column":121}},{"start":{"line":8,"column":124},"end":{"line":8,"column":268}}]},"2":{"line":8,"type":"binary-expr","locations":[{"start":{"line":8,"column":14},"end":{"line":8,"column":42}},{"start":{"line":8,"column":46},"end":{"line":8,"column":81}}]},"3":{"line":8,"type":"cond-expr","locations":[{"start":{"line":8,"column":244},"end":{"line":8,"column":252}},{"start":{"line":8,"column":255},"end":{"line":8,"column":265}}]},"4":{"line":8,"type":"binary-expr","locations":[{"start":{"line":8,"column":148},"end":{"line":8,"column":151}},{"start":{"line":8,"column":155},"end":{"line":8,"column":183}},{"start":{"line":8,"column":187},"end":{"line":8,"column":213}},{"start":{"line":8,"column":217},"end":{"line":8,"column":241}}]},"5":{"line":12,"type":"if","locations":[{"start":{"line":12,"column":44},"end":{"line":12,"column":44}},{"start":{"line":12,"column":44},"end":{"line":12,"column":44}}]},"6":{"line":50,"type":"cond-expr","locations":[{"start":{"line":50,"column":66},"end":{"line":50,"column":78}},{"start":{"line":50,"column":81},"end":{"line":50,"column":133}}]},"7":{"line":50,"type":"binary-expr","locations":[{"start":{"line":50,"column":13},"end":{"line":50,"column":33}},{"start":{"line":50,"column":37},"end":{"line":50,"column":63}}]},"8":{"line":52,"type":"cond-expr","locations":[{"start":{"line":52,"column":34},"end":{"line":52,"column":64}},{"start":{"line":52,"column":67},"end":{"line":52,"column":70}}]},"9":{"line":53,"type":"if","locations":[{"start":{"line":53,"column":2},"end":{"line":53,"column":2}},{"start":{"line":53,"column":2},"end":{"line":53,"column":2}}]},"10":{"line":53,"type":"cond-expr","locations":[{"start":{"line":53,"column":36},"end":{"line":53,"column":47}},{"start":{"line":53,"column":50},"end":{"line":53,"column":62}}]},"11":{"line":60,"type":"cond-expr","locations":[{"start":{"line":60,"column":34},"end":{"line":60,"column":42}},{"start":{"line":60,"column":45},"end":{"line":60,"column":92}}]},"12":{"line":63,"type":"cond-expr","locations":[{"start":{"line":63,"column":34},"end":{"line":63,"column":43}},{"start":{"line":63,"column":46},"end":{"line":63,"column":96}}]}},"code":["'use strict';","","Object.defineProperty(exports, \"__esModule\", {","  value: true","});","exports.getIfUtils = undefined;","","var _typeof = typeof Symbol === \"function\" && typeof Symbol.iterator === \"symbol\" ? function (obj) { return typeof obj; } : function (obj) { return obj && typeof Symbol === \"function\" && obj.constructor === Symbol && obj !== Symbol.prototype ? \"symbol\" : typeof obj; };","","var _propIf = require('./prop-if');","","function _defineProperty(obj, key, value) { if (key in obj) { Object.defineProperty(obj, key, { value: value, enumerable: true, configurable: true, writable: true }); } else { obj[key] = value; } return obj; }","","exports.getIfUtils = getIfUtils;","","/**"," * The object returned from getIfUtils"," * @typedef {Object} IfUtils"," * @property {function} ifProduction - a wrapper around `propIf` function that returns the given `value` if the"," * environment is `\"production\"` or the `alternate` if not"," * @property {function} ifNotProduction, - a wrapper around `propIf` function that returns the given `value` if the"," * environment is not `\"production\"` or the `alternate` if it is"," * @property {function} ifProd - a wrapper around `propIf` function that returns the given `value` if the environment is"," * `\"prod\"` or the `alternate` if not"," * @property {function} ifNotProd, - a wrapper around `propIf` function that returns the given `value` if the"," * environment is not `\"prod\"` or the `alternate` if it is"," * @property {function} ifTest - a wrapper around `propIf` function that returns the given `value` if the environment is"," * `\"test\"` or the `alternate` if not"," * @property {function} ifNotTest, - a wrapper around `propIf` function that returns the given `value` if the"," * environment is not `\"test\"` or the `alternate` if it is"," * @property {function} ifDevelopment - a wrapper around `propIf` function that returns the given `value` if the"," * environment is `\"development\"` or the `alternate` if not"," * @property {function} ifNotDevelopment, - a wrapper around `propIf` function that returns the given `value` if the"," * environment is not `\"development\"` or the `alternate` if it is"," * @property {function} ifDev - a wrapper around `propIf` function that returns the given `value` if the environment is"," * `\"dev\"` or the `alternate` if not"," * @property {function} ifNotDev, - a wrapper around `propIf` function that returns the given `value` if the"," * environment is not `\"dev\"` or the `alternate` if it is"," */","","/**"," * This returns an object with methods to help you conditionally set values to your webpack configuration object."," * @param  {Object|string} env This would be either the `env` object from webpack (function config API) or the value of"," * `process.env.NODE_ENV`."," * @param  {Array} vars A list of valid environments if utils are generated for"," * @return {IfUtils} the IfUtils object for the given environment"," */","","function getIfUtils(env) {","  var vars = arguments.length > 1 && arguments[1] !== undefined ? arguments[1] : ['production', 'prod', 'test', 'development', 'dev'];","","  env = typeof env === 'string' ? _defineProperty({}, env, true) : env;","  if ((typeof env === 'undefined' ? 'undefined' : _typeof(env)) !== 'object') {","    throw new Error('webpack-config-utils:getIfUtils: env passed should be a string/Object. Was ' + JSON.stringify(env));","  }","  return vars.reduce(function (utils, variable) {","    var envValue = !!env[variable];","    var capitalVariable = capitalizeWord(variable);","    utils['if' + capitalVariable] = function (value, alternate) {","      return isUndefined(value) ? envValue : (0, _propIf.propIf)(envValue, value, alternate);","    };","    utils['ifNot' + capitalVariable] = function (value, alternate) {","      return isUndefined(value) ? !envValue : (0, _propIf.propIfNot)(envValue, value, alternate);","    };","    return utils;","  }, {});","}","","// utilities","","function capitalizeWord(word) {","  return word.substring(0, 1).toUpperCase() + word.substring(1);","}","","function isUndefined(val) {","  return typeof val === 'undefined';","}"],"l":{"3":1,"6":1,"8":1,"10":1,"12":1,"14":1,"49":1,"50":0,"52":0,"53":0,"54":0,"56":0,"57":0,"58":0,"59":0,"60":0,"62":0,"63":0,"65":0,"71":1,"72":0,"75":1,"76":0}}}